{"D:\\code2\\oojs\\tool\\test.js":{"path":"D:\\code2\\oojs\\tool\\test.js","s":{"1":1,"2":1,"3":1,"4":6,"5":5,"6":1,"7":1,"8":0},"b":{},"f":{"1":6,"2":5,"3":1,"4":0},"fnMap":{"1":{"name":"(anonymous_1)","line":12,"loc":{"start":{"line":12,"column":35},"end":{"line":12,"column":49}}},"2":{"name":"(anonymous_2)","line":17,"loc":{"start":{"line":17,"column":11},"end":{"line":17,"column":25}}},"3":{"name":"(anonymous_3)","line":25,"loc":{"start":{"line":25,"column":10},"end":{"line":25,"column":28}}},"4":{"name":"(anonymous_4)","line":26,"loc":{"start":{"line":26,"column":21},"end":{"line":26,"column":33}}}},"statementMap":{"1":{"start":{"line":1,"column":0},"end":{"line":3,"column":27}},"2":{"start":{"line":6,"column":0},"end":{"line":6,"column":24}},"3":{"start":{"line":12,"column":0},"end":{"line":22,"column":3}},"4":{"start":{"line":14,"column":4},"end":{"line":14,"column":42}},"5":{"start":{"line":19,"column":4},"end":{"line":21,"column":6}},"6":{"start":{"line":25,"column":0},"end":{"line":29,"column":3}},"7":{"start":{"line":26,"column":2},"end":{"line":28,"column":5}},"8":{"start":{"line":27,"column":4},"end":{"line":27,"column":27}}},"branchMap":{}},"D:\\code2\\oojs\\src\\oojs.js":{"path":"D:\\code2\\oojs\\src\\oojs.js","s":{"1":2,"2":2,"3":2,"4":2,"5":1,"6":1,"7":1,"8":1,"9":2,"10":2,"11":2,"12":1,"13":1,"14":1,"15":2,"16":2,"17":1,"18":2,"19":2,"20":20,"21":20,"22":20,"23":19,"24":38,"25":38,"26":22,"27":16,"28":20,"29":14,"30":14,"31":5,"32":5,"33":5,"34":5,"35":9,"36":2,"37":7,"38":7,"39":12,"40":12,"41":12,"42":9,"43":9,"44":8,"45":8,"46":8,"47":8,"48":8,"49":6,"50":8,"51":8,"52":34,"53":34,"54":34,"55":34,"56":34,"57":13,"58":13,"59":13,"60":2,"61":2,"62":1,"63":11,"64":11,"65":13,"66":1,"67":12,"68":12,"69":4,"70":3,"71":3,"72":1,"73":4,"74":2,"75":8,"76":1,"77":34,"78":1,"79":1,"80":1,"81":1,"82":44,"83":8,"84":44,"85":44,"86":44,"87":41,"88":1,"89":1,"90":40,"91":1,"92":1,"93":3,"94":39,"95":33,"96":33,"97":33,"98":33,"99":33,"100":6,"101":3,"102":44,"103":192,"104":192,"105":2,"106":192,"107":1,"108":192,"109":1,"110":192,"111":1,"112":192,"113":1,"114":192,"115":192,"116":192,"117":103,"118":103,"119":91,"120":103,"121":3,"122":103,"123":1,"124":103,"125":1,"126":103,"127":1,"128":103,"129":92,"130":92,"131":92,"132":92,"133":106,"134":98,"135":8,"136":8,"137":92,"138":4,"139":4,"140":3,"141":3,"142":1,"143":1,"144":1,"145":2,"146":1,"147":4,"148":182,"149":56,"150":182,"151":182,"152":74,"153":74,"154":3,"155":3,"156":3,"157":74,"158":33,"159":33,"160":33,"161":33,"162":33,"163":33,"164":33,"165":33,"166":182,"167":3,"168":5,"169":5,"170":182,"171":33,"172":33,"173":33,"174":31,"175":31,"176":511,"177":511,"178":511,"179":16,"180":31,"181":31,"182":33,"183":31,"184":31,"185":33,"186":33,"187":33,"188":33,"189":33,"190":33,"191":33,"192":67,"193":67,"194":54,"195":54,"196":33,"197":33,"198":33,"199":33,"200":31,"201":31,"202":2,"203":2,"204":2,"205":26,"206":6,"207":6,"208":33,"209":33,"210":33,"211":33,"212":2,"213":2,"214":1,"215":1,"216":31,"217":32,"218":10,"219":32,"220":2},"b":{"1":[1,1],"2":[2,1,1,1],"3":[1,1],"4":[1,1],"5":[1,0],"6":[1,1],"7":[1,1],"8":[2,2],"9":[19,1],"10":[19,1],"11":[22,16],"12":[5,9],"13":[5,0],"14":[5,5],"15":[2,7],"16":[12,5],"17":[8,0],"18":[6,2],"19":[8,8],"20":[34,33],"21":[13,0],"22":[13,13],"23":[2,11],"24":[1,1],"25":[2,2],"26":[1,12],"27":[13,12],"28":[4,8],"29":[3,1],"30":[2,2],"31":[1,7],"32":[8,36],"33":[41,3],"34":[1,40],"35":[1,39],"36":[33,6],"37":[33,0],"38":[2,190],"39":[1,191],"40":[1,191],"41":[1,191],"42":[1,191],"43":[33,159],"44":[91,12],"45":[3,100],"46":[1,102],"47":[1,102],"48":[1,102],"49":[98,8],"50":[106,104],"51":[3,1],"52":[1,2],"53":[56,126],"54":[3,71],"55":[3,0],"56":[33,1],"57":[33,13],"58":[20,13],"59":[3,179],"60":[182,182],"61":[33,28],"62":[33,24],"63":[511,0],"64":[16,495],"65":[511,78,74,67,26,14],"66":[54,13],"67":[54,6],"68":[33,28],"69":[31,2],"70":[33,5],"71":[2,0],"72":[6,20],"73":[26,26,26,23],"74":[33,0],"75":[33,2],"76":[2,31],"77":[2,1],"78":[1,1],"79":[2,1],"80":[10,22],"81":[32,26]},"f":{"1":2,"2":23,"3":2,"4":20,"5":14,"6":8,"7":34,"8":1,"9":1,"10":44,"11":192,"12":103,"13":92,"14":4,"15":182,"16":74,"17":33,"18":182,"19":31,"20":31},"fnMap":{"1":{"name":"(anonymous_1)","line":6,"loc":{"start":{"line":6,"column":1},"end":{"line":6,"column":13}}},"2":{"name":"(anonymous_2)","line":17,"loc":{"start":{"line":17,"column":14},"end":{"line":17,"column":26}}},"3":{"name":"(anonymous_3)","line":23,"loc":{"start":{"line":23,"column":15},"end":{"line":23,"column":27}}},"4":{"name":"(anonymous_4)","line":70,"loc":{"start":{"line":70,"column":17},"end":{"line":70,"column":38}}},"5":{"name":"(anonymous_5)","line":96,"loc":{"start":{"line":96,"column":17},"end":{"line":96,"column":44}}},"6":{"name":"(anonymous_6)","line":133,"loc":{"start":{"line":133,"column":22},"end":{"line":133,"column":38}}},"7":{"name":"(anonymous_7)","line":155,"loc":{"start":{"line":155,"column":18},"end":{"line":155,"column":49}}},"8":{"name":"(anonymous_8)","line":218,"loc":{"start":{"line":218,"column":19},"end":{"line":218,"column":37}}},"9":{"name":"(anonymous_9)","line":219,"loc":{"start":{"line":219,"column":23},"end":{"line":219,"column":35}}},"10":{"name":"(anonymous_10)","line":233,"loc":{"start":{"line":233,"column":19},"end":{"line":233,"column":44}}},"11":{"name":"(anonymous_11)","line":281,"loc":{"start":{"line":281,"column":15},"end":{"line":281,"column":62}}},"12":{"name":"(anonymous_12)","line":301,"loc":{"start":{"line":301,"column":19},"end":{"line":301,"column":49}}},"13":{"name":"(anonymous_13)","line":328,"loc":{"start":{"line":328,"column":14},"end":{"line":328,"column":30}}},"14":{"name":"(anonymous_14)","line":350,"loc":{"start":{"line":350,"column":16},"end":{"line":350,"column":32}}},"15":{"name":"(anonymous_15)","line":380,"loc":{"start":{"line":380,"column":16},"end":{"line":380,"column":56}}},"16":{"name":"(anonymous_16)","line":397,"loc":{"start":{"line":397,"column":15},"end":{"line":397,"column":31}}},"17":{"name":"(anonymous_17)","line":416,"loc":{"start":{"line":416,"column":16},"end":{"line":416,"column":36}}},"18":{"name":"(anonymous_18)","line":428,"loc":{"start":{"line":428,"column":37},"end":{"line":428,"column":67}}},"19":{"name":"(anonymous_19)","line":443,"loc":{"start":{"line":443,"column":38},"end":{"line":443,"column":50}}},"20":{"name":"(anonymous_20)","line":463,"loc":{"start":{"line":463,"column":32},"end":{"line":463,"column":44}}}},"statementMap":{"1":{"start":{"line":6,"column":0},"end":{"line":546,"column":5}},"2":{"start":{"line":9,"column":4},"end":{"line":542,"column":6}},"3":{"start":{"line":25,"column":12},"end":{"line":25,"column":28}},"4":{"start":{"line":28,"column":12},"end":{"line":35,"column":13}},"5":{"start":{"line":29,"column":16},"end":{"line":29,"column":41}},"6":{"start":{"line":30,"column":16},"end":{"line":30,"column":39}},"7":{"start":{"line":33,"column":16},"end":{"line":33,"column":38}},"8":{"start":{"line":34,"column":16},"end":{"line":34,"column":39}},"9":{"start":{"line":37,"column":12},"end":{"line":37,"column":39}},"10":{"start":{"line":39,"column":12},"end":{"line":39,"column":86}},"11":{"start":{"line":42,"column":12},"end":{"line":48,"column":13}},"12":{"start":{"line":43,"column":16},"end":{"line":47,"column":17}},"13":{"start":{"line":44,"column":20},"end":{"line":46,"column":21}},"14":{"start":{"line":45,"column":24},"end":{"line":45,"column":56}},"15":{"start":{"line":51,"column":12},"end":{"line":51,"column":40}},"16":{"start":{"line":52,"column":12},"end":{"line":54,"column":13}},"17":{"start":{"line":53,"column":16},"end":{"line":53,"column":66}},"18":{"start":{"line":55,"column":12},"end":{"line":55,"column":38}},"19":{"start":{"line":56,"column":12},"end":{"line":56,"column":56}},"20":{"start":{"line":71,"column":12},"end":{"line":71,"column":74}},"21":{"start":{"line":72,"column":12},"end":{"line":72,"column":33}},"22":{"start":{"line":73,"column":12},"end":{"line":83,"column":13}},"23":{"start":{"line":74,"column":16},"end":{"line":82,"column":17}},"24":{"start":{"line":75,"column":20},"end":{"line":75,"column":70}},"25":{"start":{"line":76,"column":20},"end":{"line":81,"column":21}},"26":{"start":{"line":77,"column":24},"end":{"line":77,"column":49}},"27":{"start":{"line":80,"column":24},"end":{"line":80,"column":30}},"28":{"start":{"line":84,"column":12},"end":{"line":84,"column":34}},"29":{"start":{"line":97,"column":12},"end":{"line":97,"column":33}},"30":{"start":{"line":98,"column":12},"end":{"line":106,"column":13}},"31":{"start":{"line":100,"column":16},"end":{"line":104,"column":17}},"32":{"start":{"line":101,"column":20},"end":{"line":103,"column":21}},"33":{"start":{"line":102,"column":24},"end":{"line":102,"column":58}},"34":{"start":{"line":105,"column":16},"end":{"line":105,"column":23}},"35":{"start":{"line":107,"column":12},"end":{"line":121,"column":13}},"36":{"start":{"line":109,"column":16},"end":{"line":109,"column":33}},"37":{"start":{"line":113,"column":16},"end":{"line":113,"column":58}},"38":{"start":{"line":114,"column":16},"end":{"line":120,"column":17}},"39":{"start":{"line":115,"column":20},"end":{"line":115,"column":70}},"40":{"start":{"line":116,"column":20},"end":{"line":118,"column":26}},"41":{"start":{"line":119,"column":20},"end":{"line":119,"column":45}},"42":{"start":{"line":123,"column":12},"end":{"line":123,"column":34}},"43":{"start":{"line":124,"column":12},"end":{"line":124,"column":32}},"44":{"start":{"line":134,"column":12},"end":{"line":144,"column":13}},"45":{"start":{"line":135,"column":16},"end":{"line":135,"column":94}},"46":{"start":{"line":137,"column":4},"end":{"line":137,"column":38}},"47":{"start":{"line":139,"column":4},"end":{"line":139,"column":42}},"48":{"start":{"line":140,"column":4},"end":{"line":142,"column":5}},"49":{"start":{"line":141,"column":5},"end":{"line":141,"column":31}},"50":{"start":{"line":143,"column":4},"end":{"line":143,"column":72}},"51":{"start":{"line":145,"column":12},"end":{"line":145,"column":40}},"52":{"start":{"line":156,"column":12},"end":{"line":156,"column":40}},"53":{"start":{"line":157,"column":12},"end":{"line":157,"column":39}},"54":{"start":{"line":158,"column":12},"end":{"line":158,"column":49}},"55":{"start":{"line":159,"column":12},"end":{"line":159,"column":33}},"56":{"start":{"line":160,"column":12},"end":{"line":208,"column":13}},"57":{"start":{"line":161,"column":16},"end":{"line":207,"column":17}},"58":{"start":{"line":162,"column":20},"end":{"line":162,"column":38}},"59":{"start":{"line":164,"column":20},"end":{"line":175,"column":21}},"60":{"start":{"line":165,"column":24},"end":{"line":165,"column":50}},"61":{"start":{"line":167,"column":24},"end":{"line":169,"column":25}},"62":{"start":{"line":168,"column":28},"end":{"line":168,"column":65}},"63":{"start":{"line":173,"column":24},"end":{"line":173,"column":50}},"64":{"start":{"line":174,"column":24},"end":{"line":174,"column":65}},"65":{"start":{"line":180,"column":20},"end":{"line":182,"column":21}},"66":{"start":{"line":181,"column":24},"end":{"line":181,"column":33}},"67":{"start":{"line":183,"column":20},"end":{"line":183,"column":52}},"68":{"start":{"line":185,"column":20},"end":{"line":206,"column":21}},"69":{"start":{"line":187,"column":24},"end":{"line":195,"column":25}},"70":{"start":{"line":189,"column":28},"end":{"line":194,"column":29}},"71":{"start":{"line":190,"column":32},"end":{"line":190,"column":90}},"72":{"start":{"line":193,"column":32},"end":{"line":193,"column":64}},"73":{"start":{"line":197,"column":24},"end":{"line":199,"column":25}},"74":{"start":{"line":198,"column":28},"end":{"line":198,"column":60}},"75":{"start":{"line":202,"column":24},"end":{"line":205,"column":25}},"76":{"start":{"line":204,"column":28},"end":{"line":204,"column":102}},"77":{"start":{"line":209,"column":12},"end":{"line":209,"column":31}},"78":{"start":{"line":219,"column":12},"end":{"line":220,"column":14}},"79":{"start":{"line":221,"column":12},"end":{"line":221,"column":36}},"80":{"start":{"line":222,"column":12},"end":{"line":222,"column":36}},"81":{"start":{"line":223,"column":12},"end":{"line":223,"column":26}},"82":{"start":{"line":234,"column":12},"end":{"line":236,"column":13}},"83":{"start":{"line":235,"column":16},"end":{"line":235,"column":27}},"84":{"start":{"line":237,"column":12},"end":{"line":237,"column":19}},"85":{"start":{"line":238,"column":12},"end":{"line":238,"column":38}},"86":{"start":{"line":239,"column":12},"end":{"line":270,"column":13}},"87":{"start":{"line":240,"column":16},"end":{"line":265,"column":17}},"88":{"start":{"line":242,"column":20},"end":{"line":242,"column":36}},"89":{"start":{"line":243,"column":20},"end":{"line":243,"column":49}},"90":{"start":{"line":245,"column":21},"end":{"line":265,"column":17}},"91":{"start":{"line":247,"column":20},"end":{"line":247,"column":28}},"92":{"start":{"line":248,"column":20},"end":{"line":250,"column":21}},"93":{"start":{"line":249,"column":24},"end":{"line":249,"column":69}},"94":{"start":{"line":252,"column":21},"end":{"line":265,"column":17}},"95":{"start":{"line":254,"column":20},"end":{"line":254,"column":28}},"96":{"start":{"line":255,"column":20},"end":{"line":260,"column":21}},"97":{"start":{"line":256,"column":24},"end":{"line":259,"column":25}},"98":{"start":{"line":257,"column":28},"end":{"line":257,"column":51}},"99":{"start":{"line":258,"column":28},"end":{"line":258,"column":70}},"100":{"start":{"line":264,"column":20},"end":{"line":264,"column":32}},"101":{"start":{"line":269,"column":16},"end":{"line":269,"column":28}},"102":{"start":{"line":271,"column":12},"end":{"line":271,"column":22}},"103":{"start":{"line":282,"column":3},"end":{"line":282,"column":27}},"104":{"start":{"line":283,"column":12},"end":{"line":285,"column":13}},"105":{"start":{"line":284,"column":16},"end":{"line":284,"column":34}},"106":{"start":{"line":286,"column":12},"end":{"line":288,"column":13}},"107":{"start":{"line":287,"column":16},"end":{"line":287,"column":34}},"108":{"start":{"line":289,"column":12},"end":{"line":291,"column":13}},"109":{"start":{"line":290,"column":16},"end":{"line":290,"column":34}},"110":{"start":{"line":292,"column":12},"end":{"line":294,"column":13}},"111":{"start":{"line":293,"column":16},"end":{"line":293,"column":34}},"112":{"start":{"line":295,"column":12},"end":{"line":297,"column":13}},"113":{"start":{"line":296,"column":16},"end":{"line":296,"column":34}},"114":{"start":{"line":298,"column":12},"end":{"line":298,"column":34}},"115":{"start":{"line":299,"column":12},"end":{"line":299,"column":82}},"116":{"start":{"line":301,"column":12},"end":{"line":319,"column":14}},"117":{"start":{"line":302,"column":16},"end":{"line":302,"column":34}},"118":{"start":{"line":303,"column":16},"end":{"line":305,"column":17}},"119":{"start":{"line":304,"column":20},"end":{"line":304,"column":38}},"120":{"start":{"line":306,"column":16},"end":{"line":308,"column":17}},"121":{"start":{"line":307,"column":20},"end":{"line":307,"column":38}},"122":{"start":{"line":309,"column":16},"end":{"line":311,"column":17}},"123":{"start":{"line":310,"column":20},"end":{"line":310,"column":38}},"124":{"start":{"line":312,"column":16},"end":{"line":314,"column":17}},"125":{"start":{"line":313,"column":20},"end":{"line":313,"column":38}},"126":{"start":{"line":315,"column":16},"end":{"line":317,"column":17}},"127":{"start":{"line":316,"column":20},"end":{"line":316,"column":38}},"128":{"start":{"line":318,"column":16},"end":{"line":318,"column":76}},"129":{"start":{"line":329,"column":12},"end":{"line":329,"column":23}},"130":{"start":{"line":330,"column":12},"end":{"line":330,"column":44}},"131":{"start":{"line":331,"column":12},"end":{"line":331,"column":48}},"132":{"start":{"line":332,"column":12},"end":{"line":340,"column":13}},"133":{"start":{"line":333,"column":16},"end":{"line":339,"column":17}},"134":{"start":{"line":334,"column":20},"end":{"line":334,"column":50}},"135":{"start":{"line":337,"column":20},"end":{"line":337,"column":34}},"136":{"start":{"line":338,"column":20},"end":{"line":338,"column":26}},"137":{"start":{"line":341,"column":12},"end":{"line":341,"column":26}},"138":{"start":{"line":351,"column":12},"end":{"line":351,"column":41}},"139":{"start":{"line":352,"column":12},"end":{"line":365,"column":13}},"140":{"start":{"line":353,"column":16},"end":{"line":353,"column":42}},"141":{"start":{"line":354,"column":16},"end":{"line":361,"column":17}},"142":{"start":{"line":355,"column":20},"end":{"line":355,"column":60}},"143":{"start":{"line":356,"column":20},"end":{"line":356,"column":69}},"144":{"start":{"line":357,"column":20},"end":{"line":357,"column":48}},"145":{"start":{"line":360,"column":20},"end":{"line":360,"column":49}},"146":{"start":{"line":364,"column":16},"end":{"line":364,"column":42}},"147":{"start":{"line":366,"column":12},"end":{"line":366,"column":26}},"148":{"start":{"line":382,"column":12},"end":{"line":384,"column":13}},"149":{"start":{"line":383,"column":16},"end":{"line":383,"column":48}},"150":{"start":{"line":387,"column":12},"end":{"line":387,"column":72}},"151":{"start":{"line":388,"column":12},"end":{"line":388,"column":26}},"152":{"start":{"line":398,"column":12},"end":{"line":398,"column":41}},"153":{"start":{"line":399,"column":12},"end":{"line":406,"column":13}},"154":{"start":{"line":402,"column":16},"end":{"line":405,"column":17}},"155":{"start":{"line":403,"column":20},"end":{"line":403,"column":53}},"156":{"start":{"line":404,"column":20},"end":{"line":404,"column":45}},"157":{"start":{"line":407,"column":12},"end":{"line":407,"column":26}},"158":{"start":{"line":418,"column":12},"end":{"line":418,"column":53}},"159":{"start":{"line":420,"column":12},"end":{"line":420,"column":53}},"160":{"start":{"line":422,"column":12},"end":{"line":422,"column":35}},"161":{"start":{"line":423,"column":12},"end":{"line":423,"column":45}},"162":{"start":{"line":424,"column":12},"end":{"line":424,"column":83}},"163":{"start":{"line":425,"column":12},"end":{"line":425,"column":44}},"164":{"start":{"line":426,"column":12},"end":{"line":426,"column":35}},"165":{"start":{"line":428,"column":12},"end":{"line":437,"column":14}},"166":{"start":{"line":430,"column":16},"end":{"line":435,"column":17}},"167":{"start":{"line":431,"column":20},"end":{"line":434,"column":21}},"168":{"start":{"line":432,"column":24},"end":{"line":432,"column":51}},"169":{"start":{"line":433,"column":24},"end":{"line":433,"column":69}},"170":{"start":{"line":436,"column":16},"end":{"line":436,"column":61}},"171":{"start":{"line":439,"column":12},"end":{"line":439,"column":71}},"172":{"start":{"line":441,"column":12},"end":{"line":441,"column":72}},"173":{"start":{"line":443,"column":12},"end":{"line":461,"column":14}},"174":{"start":{"line":445,"column":16},"end":{"line":445,"column":43}},"175":{"start":{"line":446,"column":16},"end":{"line":457,"column":17}},"176":{"start":{"line":447,"column":20},"end":{"line":456,"column":21}},"177":{"start":{"line":448,"column":24},"end":{"line":448,"column":45}},"178":{"start":{"line":449,"column":24},"end":{"line":455,"column":25}},"179":{"start":{"line":454,"column":28},"end":{"line":454,"column":56}},"180":{"start":{"line":459,"column":16},"end":{"line":459,"column":50}},"181":{"start":{"line":460,"column":16},"end":{"line":460,"column":52}},"182":{"start":{"line":463,"column":12},"end":{"line":466,"column":14}},"183":{"start":{"line":464,"column":16},"end":{"line":464,"column":38}},"184":{"start":{"line":465,"column":16},"end":{"line":465,"column":38}},"185":{"start":{"line":467,"column":12},"end":{"line":467,"column":35}},"186":{"start":{"line":468,"column":12},"end":{"line":468,"column":36}},"187":{"start":{"line":471,"column":12},"end":{"line":471,"column":53}},"188":{"start":{"line":472,"column":12},"end":{"line":472,"column":45}},"189":{"start":{"line":473,"column":12},"end":{"line":473,"column":47}},"190":{"start":{"line":474,"column":12},"end":{"line":474,"column":25}},"191":{"start":{"line":475,"column":12},"end":{"line":481,"column":13}},"192":{"start":{"line":476,"column":16},"end":{"line":476,"column":44}},"193":{"start":{"line":477,"column":16},"end":{"line":480,"column":17}},"194":{"start":{"line":478,"column":20},"end":{"line":478,"column":80}},"195":{"start":{"line":479,"column":20},"end":{"line":479,"column":64}},"196":{"start":{"line":486,"column":12},"end":{"line":486,"column":64}},"197":{"start":{"line":487,"column":12},"end":{"line":487,"column":51}},"198":{"start":{"line":488,"column":12},"end":{"line":488,"column":52}},"199":{"start":{"line":491,"column":12},"end":{"line":506,"column":13}},"200":{"start":{"line":492,"column":16},"end":{"line":492,"column":43}},"201":{"start":{"line":493,"column":16},"end":{"line":493,"column":50}},"202":{"start":{"line":496,"column":17},"end":{"line":506,"column":13}},"203":{"start":{"line":497,"column":16},"end":{"line":497,"column":34}},"204":{"start":{"line":498,"column":16},"end":{"line":505,"column":17}},"205":{"start":{"line":499,"column":20},"end":{"line":504,"column":21}},"206":{"start":{"line":502,"column":24},"end":{"line":502,"column":43}},"207":{"start":{"line":503,"column":24},"end":{"line":503,"column":61}},"208":{"start":{"line":507,"column":12},"end":{"line":507,"column":46}},"209":{"start":{"line":510,"column":12},"end":{"line":532,"column":13}},"210":{"start":{"line":512,"column":16},"end":{"line":512,"column":58}},"211":{"start":{"line":515,"column":16},"end":{"line":531,"column":17}},"212":{"start":{"line":516,"column":20},"end":{"line":516,"column":75}},"213":{"start":{"line":517,"column":20},"end":{"line":526,"column":21}},"214":{"start":{"line":520,"column":24},"end":{"line":520,"column":75}},"215":{"start":{"line":524,"column":24},"end":{"line":525,"column":74}},"216":{"start":{"line":530,"column":20},"end":{"line":530,"column":40}},"217":{"start":{"line":536,"column":12},"end":{"line":538,"column":13}},"218":{"start":{"line":537,"column":16},"end":{"line":537,"column":72}},"219":{"start":{"line":540,"column":12},"end":{"line":540,"column":28}},"220":{"start":{"line":545,"column":4},"end":{"line":545,"column":22}}},"branchMap":{"1":{"line":28,"type":"if","locations":[{"start":{"line":28,"column":12},"end":{"line":28,"column":12}},{"start":{"line":28,"column":12},"end":{"line":28,"column":12}}]},"2":{"line":28,"type":"binary-expr","locations":[{"start":{"line":28,"column":16},"end":{"line":28,"column":45}},{"start":{"line":28,"column":49},"end":{"line":28,"column":55}},{"start":{"line":28,"column":59},"end":{"line":28,"column":90}},{"start":{"line":28,"column":94},"end":{"line":28,"column":102}}]},"3":{"line":39,"type":"cond-expr","locations":[{"start":{"line":39,"column":52},"end":{"line":39,"column":75}},{"start":{"line":39,"column":78},"end":{"line":39,"column":85}}]},"4":{"line":42,"type":"if","locations":[{"start":{"line":42,"column":12},"end":{"line":42,"column":12}},{"start":{"line":42,"column":12},"end":{"line":42,"column":12}}]},"5":{"line":44,"type":"if","locations":[{"start":{"line":44,"column":20},"end":{"line":44,"column":20}},{"start":{"line":44,"column":20},"end":{"line":44,"column":20}}]},"6":{"line":44,"type":"binary-expr","locations":[{"start":{"line":44,"column":24},"end":{"line":44,"column":27}},{"start":{"line":44,"column":31},"end":{"line":44,"column":63}}]},"7":{"line":52,"type":"if","locations":[{"start":{"line":52,"column":12},"end":{"line":52,"column":12}},{"start":{"line":52,"column":12},"end":{"line":52,"column":12}}]},"8":{"line":56,"type":"binary-expr","locations":[{"start":{"line":56,"column":31},"end":{"line":56,"column":47}},{"start":{"line":56,"column":51},"end":{"line":56,"column":55}}]},"9":{"line":71,"type":"cond-expr","locations":[{"start":{"line":71,"column":45},"end":{"line":71,"column":65}},{"start":{"line":71,"column":68},"end":{"line":71,"column":73}}]},"10":{"line":73,"type":"if","locations":[{"start":{"line":73,"column":12},"end":{"line":73,"column":12}},{"start":{"line":73,"column":12},"end":{"line":73,"column":12}}]},"11":{"line":76,"type":"if","locations":[{"start":{"line":76,"column":20},"end":{"line":76,"column":20}},{"start":{"line":76,"column":20},"end":{"line":76,"column":20}}]},"12":{"line":98,"type":"if","locations":[{"start":{"line":98,"column":12},"end":{"line":98,"column":12}},{"start":{"line":98,"column":12},"end":{"line":98,"column":12}}]},"13":{"line":101,"type":"if","locations":[{"start":{"line":101,"column":20},"end":{"line":101,"column":20}},{"start":{"line":101,"column":20},"end":{"line":101,"column":20}}]},"14":{"line":101,"type":"binary-expr","locations":[{"start":{"line":101,"column":24},"end":{"line":101,"column":27}},{"start":{"line":101,"column":31},"end":{"line":101,"column":60}}]},"15":{"line":107,"type":"if","locations":[{"start":{"line":107,"column":12},"end":{"line":107,"column":12}},{"start":{"line":107,"column":12},"end":{"line":107,"column":12}}]},"16":{"line":116,"type":"binary-expr","locations":[{"start":{"line":116,"column":40},"end":{"line":116,"column":57}},{"start":{"line":116,"column":61},"end":{"line":118,"column":25}}]},"17":{"line":134,"type":"if","locations":[{"start":{"line":134,"column":12},"end":{"line":134,"column":12}},{"start":{"line":134,"column":12},"end":{"line":134,"column":12}}]},"18":{"line":140,"type":"if","locations":[{"start":{"line":140,"column":4},"end":{"line":140,"column":4}},{"start":{"line":140,"column":4},"end":{"line":140,"column":4}}]},"19":{"line":140,"type":"binary-expr","locations":[{"start":{"line":140,"column":7},"end":{"line":140,"column":49}},{"start":{"line":140,"column":53},"end":{"line":140,"column":94}}]},"20":{"line":156,"type":"binary-expr","locations":[{"start":{"line":156,"column":24},"end":{"line":156,"column":33}},{"start":{"line":156,"column":37},"end":{"line":156,"column":39}}]},"21":{"line":161,"type":"if","locations":[{"start":{"line":161,"column":16},"end":{"line":161,"column":16}},{"start":{"line":161,"column":16},"end":{"line":161,"column":16}}]},"22":{"line":161,"type":"binary-expr","locations":[{"start":{"line":161,"column":20},"end":{"line":161,"column":44}},{"start":{"line":161,"column":48},"end":{"line":161,"column":57}}]},"23":{"line":164,"type":"if","locations":[{"start":{"line":164,"column":20},"end":{"line":164,"column":20}},{"start":{"line":164,"column":20},"end":{"line":164,"column":20}}]},"24":{"line":167,"type":"if","locations":[{"start":{"line":167,"column":24},"end":{"line":167,"column":24}},{"start":{"line":167,"column":24},"end":{"line":167,"column":24}}]},"25":{"line":167,"type":"binary-expr","locations":[{"start":{"line":167,"column":28},"end":{"line":167,"column":41}},{"start":{"line":167,"column":45},"end":{"line":167,"column":65}}]},"26":{"line":180,"type":"if","locations":[{"start":{"line":180,"column":20},"end":{"line":180,"column":20}},{"start":{"line":180,"column":20},"end":{"line":180,"column":20}}]},"27":{"line":180,"type":"binary-expr","locations":[{"start":{"line":180,"column":24},"end":{"line":180,"column":38}},{"start":{"line":180,"column":42},"end":{"line":180,"column":66}}]},"28":{"line":185,"type":"if","locations":[{"start":{"line":185,"column":20},"end":{"line":185,"column":20}},{"start":{"line":185,"column":20},"end":{"line":185,"column":20}}]},"29":{"line":187,"type":"if","locations":[{"start":{"line":187,"column":24},"end":{"line":187,"column":24}},{"start":{"line":187,"column":24},"end":{"line":187,"column":24}}]},"30":{"line":197,"type":"if","locations":[{"start":{"line":197,"column":24},"end":{"line":197,"column":24}},{"start":{"line":197,"column":24},"end":{"line":197,"column":24}}]},"31":{"line":202,"type":"if","locations":[{"start":{"line":202,"column":24},"end":{"line":202,"column":24}},{"start":{"line":202,"column":24},"end":{"line":202,"column":24}}]},"32":{"line":234,"type":"if","locations":[{"start":{"line":234,"column":12},"end":{"line":234,"column":12}},{"start":{"line":234,"column":12},"end":{"line":234,"column":12}}]},"33":{"line":239,"type":"if","locations":[{"start":{"line":239,"column":12},"end":{"line":239,"column":12}},{"start":{"line":239,"column":12},"end":{"line":239,"column":12}}]},"34":{"line":240,"type":"if","locations":[{"start":{"line":240,"column":16},"end":{"line":240,"column":16}},{"start":{"line":240,"column":16},"end":{"line":240,"column":16}}]},"35":{"line":245,"type":"if","locations":[{"start":{"line":245,"column":21},"end":{"line":245,"column":21}},{"start":{"line":245,"column":21},"end":{"line":245,"column":21}}]},"36":{"line":252,"type":"if","locations":[{"start":{"line":252,"column":21},"end":{"line":252,"column":21}},{"start":{"line":252,"column":21},"end":{"line":252,"column":21}}]},"37":{"line":256,"type":"if","locations":[{"start":{"line":256,"column":24},"end":{"line":256,"column":24}},{"start":{"line":256,"column":24},"end":{"line":256,"column":24}}]},"38":{"line":283,"type":"if","locations":[{"start":{"line":283,"column":12},"end":{"line":283,"column":12}},{"start":{"line":283,"column":12},"end":{"line":283,"column":12}}]},"39":{"line":286,"type":"if","locations":[{"start":{"line":286,"column":12},"end":{"line":286,"column":12}},{"start":{"line":286,"column":12},"end":{"line":286,"column":12}}]},"40":{"line":289,"type":"if","locations":[{"start":{"line":289,"column":12},"end":{"line":289,"column":12}},{"start":{"line":289,"column":12},"end":{"line":289,"column":12}}]},"41":{"line":292,"type":"if","locations":[{"start":{"line":292,"column":12},"end":{"line":292,"column":12}},{"start":{"line":292,"column":12},"end":{"line":292,"column":12}}]},"42":{"line":295,"type":"if","locations":[{"start":{"line":295,"column":12},"end":{"line":295,"column":12}},{"start":{"line":295,"column":12},"end":{"line":295,"column":12}}]},"43":{"line":299,"type":"cond-expr","locations":[{"start":{"line":299,"column":58},"end":{"line":299,"column":62}},{"start":{"line":299,"column":65},"end":{"line":299,"column":81}}]},"44":{"line":303,"type":"if","locations":[{"start":{"line":303,"column":16},"end":{"line":303,"column":16}},{"start":{"line":303,"column":16},"end":{"line":303,"column":16}}]},"45":{"line":306,"type":"if","locations":[{"start":{"line":306,"column":16},"end":{"line":306,"column":16}},{"start":{"line":306,"column":16},"end":{"line":306,"column":16}}]},"46":{"line":309,"type":"if","locations":[{"start":{"line":309,"column":16},"end":{"line":309,"column":16}},{"start":{"line":309,"column":16},"end":{"line":309,"column":16}}]},"47":{"line":312,"type":"if","locations":[{"start":{"line":312,"column":16},"end":{"line":312,"column":16}},{"start":{"line":312,"column":16},"end":{"line":312,"column":16}}]},"48":{"line":315,"type":"if","locations":[{"start":{"line":315,"column":16},"end":{"line":315,"column":16}},{"start":{"line":315,"column":16},"end":{"line":315,"column":16}}]},"49":{"line":333,"type":"if","locations":[{"start":{"line":333,"column":16},"end":{"line":333,"column":16}},{"start":{"line":333,"column":16},"end":{"line":333,"column":16}}]},"50":{"line":333,"type":"binary-expr","locations":[{"start":{"line":333,"column":20},"end":{"line":333,"column":26}},{"start":{"line":333,"column":30},"end":{"line":333,"column":50}}]},"51":{"line":352,"type":"if","locations":[{"start":{"line":352,"column":12},"end":{"line":352,"column":12}},{"start":{"line":352,"column":12},"end":{"line":352,"column":12}}]},"52":{"line":354,"type":"if","locations":[{"start":{"line":354,"column":16},"end":{"line":354,"column":16}},{"start":{"line":354,"column":16},"end":{"line":354,"column":16}}]},"53":{"line":382,"type":"if","locations":[{"start":{"line":382,"column":12},"end":{"line":382,"column":12}},{"start":{"line":382,"column":12},"end":{"line":382,"column":12}}]},"54":{"line":399,"type":"if","locations":[{"start":{"line":399,"column":12},"end":{"line":399,"column":12}},{"start":{"line":399,"column":12},"end":{"line":399,"column":12}}]},"55":{"line":402,"type":"if","locations":[{"start":{"line":402,"column":16},"end":{"line":402,"column":16}},{"start":{"line":402,"column":16},"end":{"line":402,"column":16}}]},"56":{"line":418,"type":"binary-expr","locations":[{"start":{"line":418,"column":23},"end":{"line":418,"column":36}},{"start":{"line":418,"column":40},"end":{"line":418,"column":52}}]},"57":{"line":420,"type":"binary-expr","locations":[{"start":{"line":420,"column":28},"end":{"line":420,"column":46}},{"start":{"line":420,"column":50},"end":{"line":420,"column":52}}]},"58":{"line":424,"type":"cond-expr","locations":[{"start":{"line":424,"column":53},"end":{"line":424,"column":75}},{"start":{"line":424,"column":78},"end":{"line":424,"column":82}}]},"59":{"line":430,"type":"if","locations":[{"start":{"line":430,"column":16},"end":{"line":430,"column":16}},{"start":{"line":430,"column":16},"end":{"line":430,"column":16}}]},"60":{"line":430,"type":"binary-expr","locations":[{"start":{"line":430,"column":20},"end":{"line":430,"column":33}},{"start":{"line":430,"column":37},"end":{"line":430,"column":61}}]},"61":{"line":439,"type":"binary-expr","locations":[{"start":{"line":439,"column":43},"end":{"line":439,"column":57}},{"start":{"line":439,"column":61},"end":{"line":439,"column":70}}]},"62":{"line":441,"type":"binary-expr","locations":[{"start":{"line":441,"column":38},"end":{"line":441,"column":58}},{"start":{"line":441,"column":62},"end":{"line":441,"column":71}}]},"63":{"line":447,"type":"if","locations":[{"start":{"line":447,"column":20},"end":{"line":447,"column":20}},{"start":{"line":447,"column":20},"end":{"line":447,"column":20}}]},"64":{"line":449,"type":"if","locations":[{"start":{"line":449,"column":24},"end":{"line":449,"column":24}},{"start":{"line":449,"column":24},"end":{"line":449,"column":24}}]},"65":{"line":449,"type":"binary-expr","locations":[{"start":{"line":449,"column":28},"end":{"line":449,"column":52}},{"start":{"line":450,"column":31},"end":{"line":450,"column":44}},{"start":{"line":451,"column":31},"end":{"line":451,"column":45}},{"start":{"line":452,"column":31},"end":{"line":452,"column":54}},{"start":{"line":453,"column":32},"end":{"line":453,"column":48}},{"start":{"line":453,"column":52},"end":{"line":453,"column":73}}]},"66":{"line":477,"type":"if","locations":[{"start":{"line":477,"column":16},"end":{"line":477,"column":16}},{"start":{"line":477,"column":16},"end":{"line":477,"column":16}}]},"67":{"line":478,"type":"binary-expr","locations":[{"start":{"line":478,"column":48},"end":{"line":478,"column":73}},{"start":{"line":478,"column":77},"end":{"line":478,"column":79}}]},"68":{"line":486,"type":"binary-expr","locations":[{"start":{"line":486,"column":36},"end":{"line":486,"column":57}},{"start":{"line":486,"column":61},"end":{"line":486,"column":63}}]},"69":{"line":491,"type":"if","locations":[{"start":{"line":491,"column":12},"end":{"line":491,"column":12}},{"start":{"line":491,"column":12},"end":{"line":491,"column":12}}]},"70":{"line":491,"type":"binary-expr","locations":[{"start":{"line":491,"column":16},"end":{"line":491,"column":39}},{"start":{"line":491,"column":43},"end":{"line":491,"column":70}}]},"71":{"line":496,"type":"if","locations":[{"start":{"line":496,"column":17},"end":{"line":496,"column":17}},{"start":{"line":496,"column":17},"end":{"line":496,"column":17}}]},"72":{"line":499,"type":"if","locations":[{"start":{"line":499,"column":20},"end":{"line":499,"column":20}},{"start":{"line":499,"column":20},"end":{"line":499,"column":20}}]},"73":{"line":499,"type":"binary-expr","locations":[{"start":{"line":499,"column":24},"end":{"line":499,"column":27}},{"start":{"line":500,"column":27},"end":{"line":500,"column":55}},{"start":{"line":501,"column":28},"end":{"line":501,"column":71}},{"start":{"line":501,"column":75},"end":{"line":501,"column":109}}]},"74":{"line":510,"type":"if","locations":[{"start":{"line":510,"column":12},"end":{"line":510,"column":12}},{"start":{"line":510,"column":12},"end":{"line":510,"column":12}}]},"75":{"line":510,"type":"binary-expr","locations":[{"start":{"line":510,"column":16},"end":{"line":510,"column":27}},{"start":{"line":510,"column":31},"end":{"line":510,"column":42}}]},"76":{"line":515,"type":"if","locations":[{"start":{"line":515,"column":16},"end":{"line":515,"column":16}},{"start":{"line":515,"column":16},"end":{"line":515,"column":16}}]},"77":{"line":516,"type":"binary-expr","locations":[{"start":{"line":516,"column":34},"end":{"line":516,"column":45}},{"start":{"line":516,"column":49},"end":{"line":516,"column":74}}]},"78":{"line":517,"type":"if","locations":[{"start":{"line":517,"column":20},"end":{"line":517,"column":20}},{"start":{"line":517,"column":20},"end":{"line":517,"column":20}}]},"79":{"line":517,"type":"binary-expr","locations":[{"start":{"line":517,"column":24},"end":{"line":517,"column":50}},{"start":{"line":517,"column":54},"end":{"line":517,"column":65}}]},"80":{"line":536,"type":"if","locations":[{"start":{"line":536,"column":12},"end":{"line":536,"column":12}},{"start":{"line":536,"column":12},"end":{"line":536,"column":12}}]},"81":{"line":536,"type":"binary-expr","locations":[{"start":{"line":536,"column":16},"end":{"line":536,"column":39}},{"start":{"line":536,"column":43},"end":{"line":536,"column":79}}]}}},"D:\\code2\\oojs\\src\\oojs\\event.js":{"path":"D:\\code2\\oojs\\src\\oojs\\event.js","s":{"1":1,"2":97,"3":97,"4":97,"5":231,"6":231,"7":231,"8":231,"9":125,"10":125,"11":97,"12":97,"13":134,"14":134,"15":134,"16":134,"17":4,"18":4,"19":4,"20":134,"21":36,"22":11,"23":23,"24":23,"25":25,"26":25,"27":25,"28":31,"29":3,"30":1,"31":1,"32":28,"33":28,"34":90,"35":90,"36":90,"37":4,"38":86,"39":86,"40":95,"41":95,"42":95,"43":95,"44":3,"45":92,"46":75,"47":95,"48":95,"49":78,"50":88,"51":56,"52":56,"53":88,"54":97,"55":97,"56":97,"57":97,"58":97,"59":97,"60":97,"61":97,"62":97,"63":103,"64":103,"65":103,"66":103,"67":103,"68":103,"69":97,"70":97,"71":97,"72":155,"73":155,"74":155,"75":155,"76":5,"77":5,"78":5,"79":1,"80":155,"81":1,"82":154,"83":154,"84":154,"85":154,"86":162,"87":162,"88":162,"89":104,"90":104,"91":154,"92":50,"93":50,"94":50,"95":54,"96":54,"97":54,"98":54,"99":54,"100":54,"101":54,"102":50,"103":50,"104":50,"105":50,"106":50,"107":50,"108":1,"109":49,"110":49,"111":50,"112":50,"113":50,"114":50,"115":50,"116":2,"117":2,"118":154,"119":1,"120":1,"121":1,"122":1,"123":2,"124":2,"125":2,"126":2,"127":2,"128":2,"129":2,"130":2,"131":2,"132":2,"133":2,"134":2,"135":2,"136":2},"b":{"1":[231,0],"2":[231,0],"3":[0,231],"4":[132,2],"5":[134,121],"6":[4,130],"7":[134,4],"8":[11,25],"9":[36,11],"10":[23,0],"11":[23,23,23],"12":[25,0],"13":[25,25,25],"14":[3,28],"15":[1,2],"16":[90,4],"17":[4,86],"18":[90,90],"19":[86,0],"20":[86,86],"21":[3,92],"22":[75,17],"23":[92,77],"24":[78,17],"25":[95,78],"26":[56,0],"27":[56,56,56],"28":[97,97],"29":[96,1],"30":[97,0],"31":[0,97],"32":[93,4],"33":[103,0],"34":[103,0],"35":[97,0],"36":[155,0],"37":[5,0],"38":[5,5],"39":[5,0],"40":[1,4],"41":[1,154],"42":[162,0],"43":[162,162,162],"44":[162,0],"45":[104,58],"46":[50,104],"47":[54,0],"48":[54,54,54],"49":[54,0],"50":[50,0],"51":[50,50],"52":[1,49],"53":[49,0],"54":[49,49],"55":[50,0],"56":[50,50],"57":[2,0],"58":[2,2],"59":[0,2],"60":[0,2],"61":[2,0],"62":[2,0]},"f":{"1":1,"2":97,"3":231,"4":0,"5":125,"6":97,"7":134,"8":36,"9":90,"10":97,"11":155,"12":1},"fnMap":{"1":{"name":"(anonymous_1)","line":81,"loc":{"start":{"line":81,"column":12},"end":{"line":81,"column":24}}},"2":{"name":"(anonymous_2)","line":87,"loc":{"start":{"line":87,"column":11},"end":{"line":87,"column":23}}},"3":{"name":"(anonymous_3)","line":102,"loc":{"start":{"line":102,"column":20},"end":{"line":102,"column":62}}},"4":{"name":"(anonymous_4)","line":103,"loc":{"start":{"line":103,"column":64},"end":{"line":103,"column":76}}},"5":{"name":"(anonymous_5)","line":120,"loc":{"start":{"line":120,"column":17},"end":{"line":120,"column":38}}},"6":{"name":"(anonymous_6)","line":136,"loc":{"start":{"line":136,"column":17},"end":{"line":136,"column":38}}},"7":{"name":"(anonymous_7)","line":157,"loc":{"start":{"line":157,"column":10},"end":{"line":157,"column":48}}},"8":{"name":"(anonymous_8)","line":184,"loc":{"start":{"line":184,"column":12},"end":{"line":184,"column":43}}},"9":{"name":"(anonymous_9)","line":220,"loc":{"start":{"line":220,"column":10},"end":{"line":220,"column":37}}},"10":{"name":"(anonymous_10)","line":271,"loc":{"start":{"line":271,"column":11},"end":{"line":271,"column":61}}},"11":{"name":"(anonymous_11)","line":313,"loc":{"start":{"line":313,"column":15},"end":{"line":313,"column":36}}},"12":{"name":"(anonymous_12)","line":411,"loc":{"start":{"line":411,"column":11},"end":{"line":411,"column":55}}}},"statementMap":{"1":{"start":{"line":1,"column":0},"end":{"line":443,"column":3}},"2":{"start":{"line":88,"column":8},"end":{"line":88,"column":28}},"3":{"start":{"line":89,"column":8},"end":{"line":89,"column":28}},"4":{"start":{"line":90,"column":8},"end":{"line":90,"column":36}},"5":{"start":{"line":103,"column":8},"end":{"line":104,"column":10}},"6":{"start":{"line":105,"column":8},"end":{"line":105,"column":69}},"7":{"start":{"line":106,"column":8},"end":{"line":106,"column":69}},"8":{"start":{"line":108,"column":8},"end":{"line":114,"column":10}},"9":{"start":{"line":121,"column":8},"end":{"line":129,"column":10}},"10":{"start":{"line":130,"column":8},"end":{"line":130,"column":22}},"11":{"start":{"line":137,"column":8},"end":{"line":147,"column":10}},"12":{"start":{"line":148,"column":8},"end":{"line":148,"column":22}},"13":{"start":{"line":159,"column":8},"end":{"line":159,"column":54}},"14":{"start":{"line":162,"column":8},"end":{"line":162,"column":102}},"15":{"start":{"line":163,"column":8},"end":{"line":163,"column":64}},"16":{"start":{"line":166,"column":8},"end":{"line":172,"column":9}},"17":{"start":{"line":167,"column":12},"end":{"line":169,"column":13}},"18":{"start":{"line":168,"column":16},"end":{"line":168,"column":51}},"19":{"start":{"line":171,"column":12},"end":{"line":171,"column":29}},"20":{"start":{"line":173,"column":8},"end":{"line":173,"column":20}},"21":{"start":{"line":185,"column":8},"end":{"line":211,"column":9}},"22":{"start":{"line":187,"column":12},"end":{"line":191,"column":13}},"23":{"start":{"line":188,"column":16},"end":{"line":190,"column":17}},"24":{"start":{"line":189,"column":20},"end":{"line":189,"column":37}},"25":{"start":{"line":194,"column":12},"end":{"line":194,"column":54}},"26":{"start":{"line":195,"column":12},"end":{"line":210,"column":13}},"27":{"start":{"line":196,"column":16},"end":{"line":209,"column":17}},"28":{"start":{"line":197,"column":20},"end":{"line":208,"column":21}},"29":{"start":{"line":199,"column":24},"end":{"line":202,"column":25}},"30":{"start":{"line":200,"column":28},"end":{"line":200,"column":67}},"31":{"start":{"line":201,"column":28},"end":{"line":201,"column":65}},"32":{"start":{"line":206,"column":24},"end":{"line":206,"column":63}},"33":{"start":{"line":207,"column":24},"end":{"line":207,"column":61}},"34":{"start":{"line":221,"column":8},"end":{"line":221,"column":102}},"35":{"start":{"line":222,"column":8},"end":{"line":222,"column":25}},"36":{"start":{"line":224,"column":8},"end":{"line":253,"column":9}},"37":{"start":{"line":226,"column":12},"end":{"line":226,"column":35}},"38":{"start":{"line":230,"column":12},"end":{"line":252,"column":13}},"39":{"start":{"line":231,"column":16},"end":{"line":251,"column":17}},"40":{"start":{"line":232,"column":20},"end":{"line":232,"column":55}},"41":{"start":{"line":233,"column":20},"end":{"line":233,"column":65}},"42":{"start":{"line":235,"column":20},"end":{"line":235,"column":40}},"43":{"start":{"line":236,"column":20},"end":{"line":245,"column":21}},"44":{"start":{"line":238,"column":24},"end":{"line":238,"column":39}},"45":{"start":{"line":241,"column":24},"end":{"line":244,"column":25}},"46":{"start":{"line":243,"column":28},"end":{"line":243,"column":43}},"47":{"start":{"line":247,"column":20},"end":{"line":247,"column":45}},"48":{"start":{"line":248,"column":20},"end":{"line":250,"column":21}},"49":{"start":{"line":249,"column":24},"end":{"line":249,"column":67}},"50":{"start":{"line":256,"column":8},"end":{"line":260,"column":9}},"51":{"start":{"line":257,"column":12},"end":{"line":259,"column":13}},"52":{"start":{"line":258,"column":16},"end":{"line":258,"column":42}},"53":{"start":{"line":261,"column":8},"end":{"line":261,"column":20}},"54":{"start":{"line":272,"column":8},"end":{"line":272,"column":105}},"55":{"start":{"line":273,"column":8},"end":{"line":273,"column":57}},"56":{"start":{"line":276,"column":8},"end":{"line":283,"column":9}},"57":{"start":{"line":277,"column":12},"end":{"line":279,"column":14}},"58":{"start":{"line":280,"column":12},"end":{"line":282,"column":13}},"59":{"start":{"line":281,"column":16},"end":{"line":281,"column":78}},"60":{"start":{"line":286,"column":8},"end":{"line":286,"column":22}},"61":{"start":{"line":287,"column":8},"end":{"line":289,"column":23}},"62":{"start":{"line":290,"column":8},"end":{"line":300,"column":9}},"63":{"start":{"line":291,"column":12},"end":{"line":291,"column":38}},"64":{"start":{"line":293,"column":12},"end":{"line":299,"column":13}},"65":{"start":{"line":294,"column":16},"end":{"line":294,"column":37}},"66":{"start":{"line":296,"column":16},"end":{"line":296,"column":110}},"67":{"start":{"line":297,"column":16},"end":{"line":297,"column":41}},"68":{"start":{"line":298,"column":16},"end":{"line":298,"column":44}},"69":{"start":{"line":303,"column":8},"end":{"line":305,"column":9}},"70":{"start":{"line":304,"column":12},"end":{"line":304,"column":38}},"71":{"start":{"line":306,"column":8},"end":{"line":306,"column":20}},"72":{"start":{"line":314,"column":8},"end":{"line":314,"column":105}},"73":{"start":{"line":317,"column":8},"end":{"line":317,"column":44}},"74":{"start":{"line":318,"column":8},"end":{"line":318,"column":38}},"75":{"start":{"line":319,"column":8},"end":{"line":328,"column":9}},"76":{"start":{"line":320,"column":12},"end":{"line":327,"column":13}},"77":{"start":{"line":321,"column":16},"end":{"line":326,"column":17}},"78":{"start":{"line":323,"column":20},"end":{"line":325,"column":21}},"79":{"start":{"line":324,"column":24},"end":{"line":324,"column":51}},"80":{"start":{"line":331,"column":8},"end":{"line":333,"column":9}},"81":{"start":{"line":332,"column":12},"end":{"line":332,"column":24}},"82":{"start":{"line":336,"column":8},"end":{"line":336,"column":34}},"83":{"start":{"line":337,"column":8},"end":{"line":337,"column":33}},"84":{"start":{"line":338,"column":8},"end":{"line":338,"column":15}},"85":{"start":{"line":339,"column":8},"end":{"line":348,"column":9}},"86":{"start":{"line":340,"column":12},"end":{"line":347,"column":13}},"87":{"start":{"line":341,"column":16},"end":{"line":341,"column":106}},"88":{"start":{"line":342,"column":16},"end":{"line":346,"column":17}},"89":{"start":{"line":344,"column":20},"end":{"line":344,"column":42}},"90":{"start":{"line":345,"column":20},"end":{"line":345,"column":26}},"91":{"start":{"line":351,"column":8},"end":{"line":401,"column":9}},"92":{"start":{"line":353,"column":12},"end":{"line":353,"column":32}},"93":{"start":{"line":356,"column":12},"end":{"line":356,"column":39}},"94":{"start":{"line":357,"column":12},"end":{"line":369,"column":13}},"95":{"start":{"line":358,"column":16},"end":{"line":368,"column":17}},"96":{"start":{"line":359,"column":20},"end":{"line":359,"column":72}},"97":{"start":{"line":360,"column":20},"end":{"line":360,"column":54}},"98":{"start":{"line":361,"column":20},"end":{"line":363,"column":21}},"99":{"start":{"line":362,"column":24},"end":{"line":362,"column":77}},"100":{"start":{"line":365,"column":20},"end":{"line":367,"column":21}},"101":{"start":{"line":366,"column":24},"end":{"line":366,"column":87}},"102":{"start":{"line":372,"column":12},"end":{"line":392,"column":13}},"103":{"start":{"line":373,"column":16},"end":{"line":391,"column":17}},"104":{"start":{"line":374,"column":20},"end":{"line":374,"column":58}},"105":{"start":{"line":375,"column":20},"end":{"line":375,"column":65}},"106":{"start":{"line":376,"column":20},"end":{"line":376,"column":40}},"107":{"start":{"line":377,"column":20},"end":{"line":386,"column":21}},"108":{"start":{"line":379,"column":24},"end":{"line":379,"column":39}},"109":{"start":{"line":382,"column":24},"end":{"line":385,"column":25}},"110":{"start":{"line":384,"column":28},"end":{"line":384,"column":43}},"111":{"start":{"line":387,"column":20},"end":{"line":387,"column":45}},"112":{"start":{"line":388,"column":20},"end":{"line":390,"column":21}},"113":{"start":{"line":389,"column":24},"end":{"line":389,"column":80}},"114":{"start":{"line":395,"column":12},"end":{"line":395,"column":54}},"115":{"start":{"line":396,"column":12},"end":{"line":400,"column":13}},"116":{"start":{"line":397,"column":16},"end":{"line":399,"column":17}},"117":{"start":{"line":398,"column":20},"end":{"line":398,"column":54}},"118":{"start":{"line":403,"column":8},"end":{"line":403,"column":20}},"119":{"start":{"line":412,"column":8},"end":{"line":412,"column":58}},"120":{"start":{"line":413,"column":8},"end":{"line":413,"column":27}},"121":{"start":{"line":414,"column":8},"end":{"line":414,"column":23}},"122":{"start":{"line":415,"column":8},"end":{"line":441,"column":9}},"123":{"start":{"line":416,"column":12},"end":{"line":416,"column":41}},"124":{"start":{"line":417,"column":12},"end":{"line":417,"column":33}},"125":{"start":{"line":420,"column":12},"end":{"line":422,"column":14}},"126":{"start":{"line":423,"column":12},"end":{"line":425,"column":14}},"127":{"start":{"line":428,"column":12},"end":{"line":440,"column":13}},"128":{"start":{"line":429,"column":16},"end":{"line":429,"column":58}},"129":{"start":{"line":430,"column":16},"end":{"line":430,"column":125}},"130":{"start":{"line":431,"column":16},"end":{"line":431,"column":70}},"131":{"start":{"line":432,"column":16},"end":{"line":439,"column":17}},"132":{"start":{"line":433,"column":20},"end":{"line":433,"column":54}},"133":{"start":{"line":434,"column":20},"end":{"line":434,"column":117}},"134":{"start":{"line":435,"column":20},"end":{"line":435,"column":66}},"135":{"start":{"line":437,"column":20},"end":{"line":437,"column":65}},"136":{"start":{"line":438,"column":20},"end":{"line":438,"column":68}}},"branchMap":{"1":{"line":103,"type":"cond-expr","locations":[{"start":{"line":103,"column":53},"end":{"line":103,"column":61}},{"start":{"line":103,"column":64},"end":{"line":104,"column":9}}]},"2":{"line":105,"type":"cond-expr","locations":[{"start":{"line":105,"column":55},"end":{"line":105,"column":64}},{"start":{"line":105,"column":67},"end":{"line":105,"column":68}}]},"3":{"line":106,"type":"cond-expr","locations":[{"start":{"line":106,"column":55},"end":{"line":106,"column":64}},{"start":{"line":106,"column":67},"end":{"line":106,"column":68}}]},"4":{"line":159,"type":"cond-expr","locations":[{"start":{"line":159,"column":44},"end":{"line":159,"column":45}},{"start":{"line":159,"column":48},"end":{"line":159,"column":53}}]},"5":{"line":162,"type":"binary-expr","locations":[{"start":{"line":162,"column":45},"end":{"line":162,"column":70}},{"start":{"line":162,"column":74},"end":{"line":162,"column":101}}]},"6":{"line":166,"type":"if","locations":[{"start":{"line":166,"column":8},"end":{"line":166,"column":8}},{"start":{"line":166,"column":8},"end":{"line":166,"column":8}}]},"7":{"line":166,"type":"binary-expr","locations":[{"start":{"line":166,"column":12},"end":{"line":166,"column":21}},{"start":{"line":166,"column":25},"end":{"line":166,"column":43}}]},"8":{"line":185,"type":"if","locations":[{"start":{"line":185,"column":8},"end":{"line":185,"column":8}},{"start":{"line":185,"column":8},"end":{"line":185,"column":8}}]},"9":{"line":185,"type":"binary-expr","locations":[{"start":{"line":185,"column":12},"end":{"line":185,"column":22}},{"start":{"line":185,"column":26},"end":{"line":185,"column":35}}]},"10":{"line":188,"type":"if","locations":[{"start":{"line":188,"column":16},"end":{"line":188,"column":16}},{"start":{"line":188,"column":16},"end":{"line":188,"column":16}}]},"11":{"line":188,"type":"binary-expr","locations":[{"start":{"line":188,"column":20},"end":{"line":188,"column":23}},{"start":{"line":188,"column":27},"end":{"line":188,"column":46}},{"start":{"line":188,"column":50},"end":{"line":188,"column":84}}]},"12":{"line":195,"type":"if","locations":[{"start":{"line":195,"column":12},"end":{"line":195,"column":12}},{"start":{"line":195,"column":12},"end":{"line":195,"column":12}}]},"13":{"line":195,"type":"binary-expr","locations":[{"start":{"line":195,"column":16},"end":{"line":195,"column":25}},{"start":{"line":195,"column":29},"end":{"line":195,"column":48}},{"start":{"line":195,"column":52},"end":{"line":195,"column":78}}]},"14":{"line":197,"type":"if","locations":[{"start":{"line":197,"column":20},"end":{"line":197,"column":20}},{"start":{"line":197,"column":20},"end":{"line":197,"column":20}}]},"15":{"line":199,"type":"if","locations":[{"start":{"line":199,"column":24},"end":{"line":199,"column":24}},{"start":{"line":199,"column":24},"end":{"line":199,"column":24}}]},"16":{"line":221,"type":"binary-expr","locations":[{"start":{"line":221,"column":45},"end":{"line":221,"column":70}},{"start":{"line":221,"column":74},"end":{"line":221,"column":101}}]},"17":{"line":224,"type":"if","locations":[{"start":{"line":224,"column":8},"end":{"line":224,"column":8}},{"start":{"line":224,"column":8},"end":{"line":224,"column":8}}]},"18":{"line":224,"type":"binary-expr","locations":[{"start":{"line":224,"column":12},"end":{"line":224,"column":25}},{"start":{"line":224,"column":29},"end":{"line":224,"column":49}}]},"19":{"line":230,"type":"if","locations":[{"start":{"line":230,"column":12},"end":{"line":230,"column":12}},{"start":{"line":230,"column":12},"end":{"line":230,"column":12}}]},"20":{"line":230,"type":"binary-expr","locations":[{"start":{"line":230,"column":16},"end":{"line":230,"column":28}},{"start":{"line":230,"column":32},"end":{"line":230,"column":51}}]},"21":{"line":236,"type":"if","locations":[{"start":{"line":236,"column":20},"end":{"line":236,"column":20}},{"start":{"line":236,"column":20},"end":{"line":236,"column":20}}]},"22":{"line":241,"type":"if","locations":[{"start":{"line":241,"column":24},"end":{"line":241,"column":24}},{"start":{"line":241,"column":24},"end":{"line":241,"column":24}}]},"23":{"line":241,"type":"binary-expr","locations":[{"start":{"line":241,"column":28},"end":{"line":241,"column":54}},{"start":{"line":241,"column":58},"end":{"line":241,"column":105}}]},"24":{"line":248,"type":"if","locations":[{"start":{"line":248,"column":20},"end":{"line":248,"column":20}},{"start":{"line":248,"column":20},"end":{"line":248,"column":20}}]},"25":{"line":248,"type":"binary-expr","locations":[{"start":{"line":248,"column":24},"end":{"line":248,"column":31}},{"start":{"line":248,"column":35},"end":{"line":248,"column":51}}]},"26":{"line":257,"type":"if","locations":[{"start":{"line":257,"column":12},"end":{"line":257,"column":12}},{"start":{"line":257,"column":12},"end":{"line":257,"column":12}}]},"27":{"line":257,"type":"binary-expr","locations":[{"start":{"line":257,"column":16},"end":{"line":257,"column":25}},{"start":{"line":257,"column":29},"end":{"line":257,"column":64}},{"start":{"line":257,"column":68},"end":{"line":257,"column":88}}]},"28":{"line":272,"type":"binary-expr","locations":[{"start":{"line":272,"column":48},"end":{"line":272,"column":73}},{"start":{"line":272,"column":77},"end":{"line":272,"column":104}}]},"29":{"line":273,"type":"cond-expr","locations":[{"start":{"line":273,"column":47},"end":{"line":273,"column":48}},{"start":{"line":273,"column":51},"end":{"line":273,"column":56}}]},"30":{"line":276,"type":"if","locations":[{"start":{"line":276,"column":8},"end":{"line":276,"column":8}},{"start":{"line":276,"column":8},"end":{"line":276,"column":8}}]},"31":{"line":277,"type":"cond-expr","locations":[{"start":{"line":277,"column":51},"end":{"line":277,"column":59}},{"start":{"line":277,"column":62},"end":{"line":279,"column":13}}]},"32":{"line":287,"type":"cond-expr","locations":[{"start":{"line":287,"column":54},"end":{"line":289,"column":9}},{"start":{"line":289,"column":12},"end":{"line":289,"column":22}}]},"33":{"line":293,"type":"if","locations":[{"start":{"line":293,"column":12},"end":{"line":293,"column":12}},{"start":{"line":293,"column":12},"end":{"line":293,"column":12}}]},"34":{"line":296,"type":"binary-expr","locations":[{"start":{"line":296,"column":53},"end":{"line":296,"column":78}},{"start":{"line":296,"column":82},"end":{"line":296,"column":109}}]},"35":{"line":303,"type":"if","locations":[{"start":{"line":303,"column":8},"end":{"line":303,"column":8}},{"start":{"line":303,"column":8},"end":{"line":303,"column":8}}]},"36":{"line":314,"type":"binary-expr","locations":[{"start":{"line":314,"column":48},"end":{"line":314,"column":73}},{"start":{"line":314,"column":77},"end":{"line":314,"column":104}}]},"37":{"line":320,"type":"if","locations":[{"start":{"line":320,"column":12},"end":{"line":320,"column":12}},{"start":{"line":320,"column":12},"end":{"line":320,"column":12}}]},"38":{"line":320,"type":"binary-expr","locations":[{"start":{"line":320,"column":16},"end":{"line":320,"column":30}},{"start":{"line":320,"column":34},"end":{"line":320,"column":76}}]},"39":{"line":321,"type":"if","locations":[{"start":{"line":321,"column":16},"end":{"line":321,"column":16}},{"start":{"line":321,"column":16},"end":{"line":321,"column":16}}]},"40":{"line":323,"type":"if","locations":[{"start":{"line":323,"column":20},"end":{"line":323,"column":20}},{"start":{"line":323,"column":20},"end":{"line":323,"column":20}}]},"41":{"line":331,"type":"if","locations":[{"start":{"line":331,"column":8},"end":{"line":331,"column":8}},{"start":{"line":331,"column":8},"end":{"line":331,"column":8}}]},"42":{"line":340,"type":"if","locations":[{"start":{"line":340,"column":12},"end":{"line":340,"column":12}},{"start":{"line":340,"column":12},"end":{"line":340,"column":12}}]},"43":{"line":340,"type":"binary-expr","locations":[{"start":{"line":340,"column":16},"end":{"line":340,"column":25}},{"start":{"line":340,"column":29},"end":{"line":340,"column":61}},{"start":{"line":340,"column":65},"end":{"line":340,"column":82}}]},"44":{"line":341,"type":"binary-expr","locations":[{"start":{"line":341,"column":49},"end":{"line":341,"column":74}},{"start":{"line":341,"column":78},"end":{"line":341,"column":105}}]},"45":{"line":342,"type":"if","locations":[{"start":{"line":342,"column":16},"end":{"line":342,"column":16}},{"start":{"line":342,"column":16},"end":{"line":342,"column":16}}]},"46":{"line":351,"type":"if","locations":[{"start":{"line":351,"column":8},"end":{"line":351,"column":8}},{"start":{"line":351,"column":8},"end":{"line":351,"column":8}}]},"47":{"line":358,"type":"if","locations":[{"start":{"line":358,"column":16},"end":{"line":358,"column":16}},{"start":{"line":358,"column":16},"end":{"line":358,"column":16}}]},"48":{"line":358,"type":"binary-expr","locations":[{"start":{"line":358,"column":20},"end":{"line":358,"column":29}},{"start":{"line":358,"column":33},"end":{"line":358,"column":65}},{"start":{"line":358,"column":69},"end":{"line":358,"column":86}}]},"49":{"line":365,"type":"if","locations":[{"start":{"line":365,"column":20},"end":{"line":365,"column":20}},{"start":{"line":365,"column":20},"end":{"line":365,"column":20}}]},"50":{"line":372,"type":"if","locations":[{"start":{"line":372,"column":12},"end":{"line":372,"column":12}},{"start":{"line":372,"column":12},"end":{"line":372,"column":12}}]},"51":{"line":372,"type":"binary-expr","locations":[{"start":{"line":372,"column":16},"end":{"line":372,"column":31}},{"start":{"line":372,"column":35},"end":{"line":372,"column":57}}]},"52":{"line":377,"type":"if","locations":[{"start":{"line":377,"column":20},"end":{"line":377,"column":20}},{"start":{"line":377,"column":20},"end":{"line":377,"column":20}}]},"53":{"line":382,"type":"if","locations":[{"start":{"line":382,"column":24},"end":{"line":382,"column":24}},{"start":{"line":382,"column":24},"end":{"line":382,"column":24}}]},"54":{"line":382,"type":"binary-expr","locations":[{"start":{"line":382,"column":28},"end":{"line":382,"column":54}},{"start":{"line":382,"column":58},"end":{"line":382,"column":105}}]},"55":{"line":388,"type":"if","locations":[{"start":{"line":388,"column":20},"end":{"line":388,"column":20}},{"start":{"line":388,"column":20},"end":{"line":388,"column":20}}]},"56":{"line":388,"type":"binary-expr","locations":[{"start":{"line":388,"column":24},"end":{"line":388,"column":31}},{"start":{"line":388,"column":35},"end":{"line":388,"column":51}}]},"57":{"line":397,"type":"if","locations":[{"start":{"line":397,"column":16},"end":{"line":397,"column":16}},{"start":{"line":397,"column":16},"end":{"line":397,"column":16}}]},"58":{"line":397,"type":"binary-expr","locations":[{"start":{"line":397,"column":20},"end":{"line":397,"column":37}},{"start":{"line":397,"column":41},"end":{"line":397,"column":89}}]},"59":{"line":420,"type":"cond-expr","locations":[{"start":{"line":420,"column":63},"end":{"line":420,"column":77}},{"start":{"line":420,"column":80},"end":{"line":422,"column":13}}]},"60":{"line":423,"type":"cond-expr","locations":[{"start":{"line":423,"column":55},"end":{"line":423,"column":65}},{"start":{"line":423,"column":68},"end":{"line":425,"column":13}}]},"61":{"line":430,"type":"binary-expr","locations":[{"start":{"line":430,"column":52},"end":{"line":430,"column":85}},{"start":{"line":430,"column":89},"end":{"line":430,"column":124}}]},"62":{"line":434,"type":"binary-expr","locations":[{"start":{"line":434,"column":52},"end":{"line":434,"column":81}},{"start":{"line":434,"column":85},"end":{"line":434,"column":116}}]}}},"D:\\code2\\oojs\\src\\oojs\\promise.js":{"path":"D:\\code2\\oojs\\src\\oojs\\promise.js","s":{"1":1,"2":81,"3":81,"4":20,"5":20,"6":1,"7":9,"8":58,"9":2,"10":2,"11":1,"12":2,"13":1,"14":2,"15":56,"16":56,"17":56,"18":28,"19":28,"20":2,"21":6,"22":6,"23":6,"24":39,"25":39,"26":39,"27":20,"28":39,"29":2,"30":2,"31":2,"32":2,"33":2,"34":2,"35":2,"36":2,"37":1,"38":1,"39":1,"40":1,"41":1,"42":2,"43":2,"44":2,"45":2,"46":46,"47":46,"48":46,"49":46,"50":26,"51":46,"52":20,"53":46,"54":46,"55":46,"56":46,"57":46,"58":7,"59":7,"60":39,"61":5,"62":5,"63":46,"64":11,"65":2,"66":2,"67":2,"68":1,"69":2,"70":2,"71":6,"72":6,"73":6,"74":6,"75":6,"76":6,"77":3,"78":6,"79":5,"80":6,"81":1,"82":1,"83":6,"84":2,"85":1,"86":1,"87":3,"88":1,"89":2,"90":3,"91":3,"92":3,"93":1,"94":3,"95":2,"96":3,"97":3,"98":9,"99":9,"100":9,"101":9,"102":7,"103":7,"104":9,"105":2,"106":2,"107":9,"108":3},"b":{"1":[20,61],"2":[2,56],"3":[58,33],"4":[28,28],"5":[56,56],"6":[20,19],"7":[39,39],"8":[1,1],"9":[1,0],"10":[46,11],"11":[46,16],"12":[7,39],"13":[5,34]},"f":{"1":81,"2":9,"3":58,"4":1,"5":1,"6":6,"7":39,"8":2,"9":2,"10":2,"11":2,"12":46,"13":26,"14":20,"15":7,"16":5,"17":11,"18":2,"19":1,"20":3,"21":5,"22":1,"23":1,"24":3,"25":1,"26":2,"27":7,"28":2},"fnMap":{"1":{"name":"(anonymous_1)","line":17,"loc":{"start":{"line":17,"column":13},"end":{"line":17,"column":29}}},"2":{"name":"(anonymous_2)","line":43,"loc":{"start":{"line":43,"column":17},"end":{"line":43,"column":33}}},"3":{"name":"(anonymous_3)","line":52,"loc":{"start":{"line":52,"column":14},"end":{"line":52,"column":30}}},"4":{"name":"(anonymous_4)","line":56,"loc":{"start":{"line":56,"column":48},"end":{"line":56,"column":64}}},"5":{"name":"(anonymous_5)","line":59,"loc":{"start":{"line":59,"column":46},"end":{"line":59,"column":62}}},"6":{"name":"(anonymous_6)","line":89,"loc":{"start":{"line":89,"column":13},"end":{"line":89,"column":29}}},"7":{"name":"(anonymous_7)","line":100,"loc":{"start":{"line":100,"column":13},"end":{"line":100,"column":29}}},"8":{"name":"(anonymous_8)","line":115,"loc":{"start":{"line":115,"column":12},"end":{"line":115,"column":28}}},"9":{"name":"(anonymous_9)","line":131,"loc":{"start":{"line":131,"column":15},"end":{"line":131,"column":40}}},"10":{"name":"(anonymous_10)","line":132,"loc":{"start":{"line":132,"column":21},"end":{"line":132,"column":33}}},"11":{"name":"(anonymous_11)","line":135,"loc":{"start":{"line":135,"column":27},"end":{"line":135,"column":42}}},"12":{"name":"(anonymous_12)","line":161,"loc":{"start":{"line":161,"column":10},"end":{"line":161,"column":45}}},"13":{"name":"(anonymous_13)","line":167,"loc":{"start":{"line":167,"column":57},"end":{"line":167,"column":73}}},"14":{"name":"(anonymous_14)","line":170,"loc":{"start":{"line":170,"column":56},"end":{"line":170,"column":72}}},"15":{"name":"(anonymous_15)","line":181,"loc":{"start":{"line":181,"column":40},"end":{"line":181,"column":52}}},"16":{"name":"(anonymous_16)","line":187,"loc":{"start":{"line":187,"column":40},"end":{"line":187,"column":52}}},"17":{"name":"(anonymous_17)","line":203,"loc":{"start":{"line":203,"column":11},"end":{"line":203,"column":33}}},"18":{"name":"(anonymous_18)","line":213,"loc":{"start":{"line":213,"column":9},"end":{"line":213,"column":33}}},"19":{"name":"(anonymous_19)","line":216,"loc":{"start":{"line":216,"column":45},"end":{"line":216,"column":62}}},"20":{"name":"(anonymous_20)","line":227,"loc":{"start":{"line":227,"column":35},"end":{"line":227,"column":51}}},"21":{"name":"(anonymous_21)","line":231,"loc":{"start":{"line":231,"column":42},"end":{"line":231,"column":58}}},"22":{"name":"(anonymous_22)","line":234,"loc":{"start":{"line":234,"column":40},"end":{"line":234,"column":57}}},"23":{"name":"(anonymous_23)","line":242,"loc":{"start":{"line":242,"column":36},"end":{"line":242,"column":52}}},"24":{"name":"(anonymous_24)","line":259,"loc":{"start":{"line":259,"column":10},"end":{"line":259,"column":34}}},"25":{"name":"(anonymous_25)","line":262,"loc":{"start":{"line":262,"column":47},"end":{"line":262,"column":63}}},"26":{"name":"(anonymous_26)","line":265,"loc":{"start":{"line":265,"column":45},"end":{"line":265,"column":62}}},"27":{"name":"(anonymous_27)","line":274,"loc":{"start":{"line":274,"column":42},"end":{"line":274,"column":58}}},"28":{"name":"(anonymous_28)","line":278,"loc":{"start":{"line":278,"column":40},"end":{"line":278,"column":57}}}},"statementMap":{"1":{"start":{"line":6,"column":0},"end":{"line":287,"column":3}},"2":{"start":{"line":18,"column":8},"end":{"line":18,"column":42}},"3":{"start":{"line":19,"column":8},"end":{"line":26,"column":9}},"4":{"start":{"line":20,"column":12},"end":{"line":25,"column":13}},"5":{"start":{"line":21,"column":16},"end":{"line":21,"column":86}},"6":{"start":{"line":24,"column":16},"end":{"line":24,"column":33}},"7":{"start":{"line":44,"column":8},"end":{"line":44,"column":20}},"8":{"start":{"line":54,"column":8},"end":{"line":80,"column":9}},"9":{"start":{"line":55,"column":12},"end":{"line":55,"column":37}},"10":{"start":{"line":56,"column":12},"end":{"line":58,"column":15}},"11":{"start":{"line":57,"column":16},"end":{"line":57,"column":36}},"12":{"start":{"line":59,"column":12},"end":{"line":61,"column":15}},"13":{"start":{"line":60,"column":16},"end":{"line":60,"column":35}},"14":{"start":{"line":62,"column":12},"end":{"line":62,"column":57}},"15":{"start":{"line":67,"column":12},"end":{"line":67,"column":38}},"16":{"start":{"line":69,"column":12},"end":{"line":69,"column":29}},"17":{"start":{"line":71,"column":12},"end":{"line":79,"column":13}},"18":{"start":{"line":72,"column":16},"end":{"line":78,"column":17}},"19":{"start":{"line":74,"column":20},"end":{"line":74,"column":54}},"20":{"start":{"line":77,"column":20},"end":{"line":77,"column":37}},"21":{"start":{"line":90,"column":8},"end":{"line":90,"column":40}},"22":{"start":{"line":91,"column":8},"end":{"line":91,"column":31}},"23":{"start":{"line":92,"column":8},"end":{"line":92,"column":23}},"24":{"start":{"line":101,"column":8},"end":{"line":101,"column":33}},"25":{"start":{"line":102,"column":8},"end":{"line":102,"column":25}},"26":{"start":{"line":103,"column":8},"end":{"line":105,"column":9}},"27":{"start":{"line":104,"column":12},"end":{"line":104,"column":45}},"28":{"start":{"line":106,"column":8},"end":{"line":106,"column":20}},"29":{"start":{"line":116,"column":8},"end":{"line":116,"column":40}},"30":{"start":{"line":117,"column":8},"end":{"line":117,"column":30}},"31":{"start":{"line":118,"column":8},"end":{"line":118,"column":23}},"32":{"start":{"line":132,"column":8},"end":{"line":150,"column":9}},"33":{"start":{"line":133,"column":12},"end":{"line":133,"column":54}},"34":{"start":{"line":134,"column":12},"end":{"line":134,"column":62}},"35":{"start":{"line":135,"column":12},"end":{"line":146,"column":14}},"36":{"start":{"line":136,"column":16},"end":{"line":145,"column":17}},"37":{"start":{"line":137,"column":20},"end":{"line":137,"column":38}},"38":{"start":{"line":140,"column":20},"end":{"line":140,"column":83}},"39":{"start":{"line":141,"column":20},"end":{"line":143,"column":21}},"40":{"start":{"line":142,"column":24},"end":{"line":142,"column":61}},"41":{"start":{"line":144,"column":20},"end":{"line":144,"column":51}},"42":{"start":{"line":147,"column":12},"end":{"line":147,"column":53}},"43":{"start":{"line":148,"column":12},"end":{"line":148,"column":38}},"44":{"start":{"line":149,"column":12},"end":{"line":149,"column":27}},"45":{"start":{"line":151,"column":8},"end":{"line":151,"column":22}},"46":{"start":{"line":162,"column":8},"end":{"line":162,"column":54}},"47":{"start":{"line":163,"column":8},"end":{"line":163,"column":52}},"48":{"start":{"line":166,"column":8},"end":{"line":166,"column":50}},"49":{"start":{"line":167,"column":8},"end":{"line":169,"column":11}},"50":{"start":{"line":168,"column":12},"end":{"line":168,"column":47}},"51":{"start":{"line":170,"column":8},"end":{"line":172,"column":11}},"52":{"start":{"line":171,"column":12},"end":{"line":171,"column":45}},"53":{"start":{"line":174,"column":8},"end":{"line":174,"column":49}},"54":{"start":{"line":175,"column":8},"end":{"line":175,"column":81}},"55":{"start":{"line":176,"column":8},"end":{"line":176,"column":47}},"56":{"start":{"line":177,"column":8},"end":{"line":177,"column":78}},"57":{"start":{"line":180,"column":8},"end":{"line":190,"column":9}},"58":{"start":{"line":181,"column":12},"end":{"line":183,"column":19}},"59":{"start":{"line":182,"column":16},"end":{"line":182,"column":41}},"60":{"start":{"line":186,"column":13},"end":{"line":190,"column":9}},"61":{"start":{"line":187,"column":12},"end":{"line":189,"column":19}},"62":{"start":{"line":188,"column":16},"end":{"line":188,"column":40}},"63":{"start":{"line":193,"column":8},"end":{"line":193,"column":23}},"64":{"start":{"line":204,"column":8},"end":{"line":204,"column":36}},"65":{"start":{"line":214,"column":8},"end":{"line":214,"column":40}},"66":{"start":{"line":215,"column":8},"end":{"line":215,"column":43}},"67":{"start":{"line":216,"column":8},"end":{"line":218,"column":12}},"68":{"start":{"line":217,"column":12},"end":{"line":217,"column":32}},"69":{"start":{"line":220,"column":8},"end":{"line":220,"column":28}},"70":{"start":{"line":221,"column":8},"end":{"line":240,"column":9}},"71":{"start":{"line":222,"column":12},"end":{"line":222,"column":51}},"72":{"start":{"line":223,"column":12},"end":{"line":223,"column":43}},"73":{"start":{"line":224,"column":12},"end":{"line":224,"column":46}},"74":{"start":{"line":225,"column":12},"end":{"line":225,"column":52}},"75":{"start":{"line":226,"column":12},"end":{"line":226,"column":38}},"76":{"start":{"line":227,"column":12},"end":{"line":229,"column":15}},"77":{"start":{"line":228,"column":16},"end":{"line":228,"column":28}},"78":{"start":{"line":231,"column":12},"end":{"line":233,"column":33}},"79":{"start":{"line":232,"column":16},"end":{"line":232,"column":59}},"80":{"start":{"line":234,"column":12},"end":{"line":237,"column":33}},"81":{"start":{"line":235,"column":16},"end":{"line":235,"column":51}},"82":{"start":{"line":236,"column":16},"end":{"line":236,"column":39}},"83":{"start":{"line":239,"column":12},"end":{"line":239,"column":77}},"84":{"start":{"line":242,"column":8},"end":{"line":248,"column":26}},"85":{"start":{"line":243,"column":12},"end":{"line":243,"column":33}},"86":{"start":{"line":244,"column":12},"end":{"line":246,"column":13}},"87":{"start":{"line":245,"column":16},"end":{"line":245,"column":44}},"88":{"start":{"line":247,"column":12},"end":{"line":247,"column":39}},"89":{"start":{"line":250,"column":8},"end":{"line":250,"column":23}},"90":{"start":{"line":260,"column":8},"end":{"line":260,"column":40}},"91":{"start":{"line":261,"column":8},"end":{"line":261,"column":43}},"92":{"start":{"line":262,"column":8},"end":{"line":264,"column":12}},"93":{"start":{"line":263,"column":12},"end":{"line":263,"column":32}},"94":{"start":{"line":265,"column":8},"end":{"line":267,"column":12}},"95":{"start":{"line":266,"column":12},"end":{"line":266,"column":32}},"96":{"start":{"line":269,"column":8},"end":{"line":269,"column":28}},"97":{"start":{"line":270,"column":8},"end":{"line":283,"column":9}},"98":{"start":{"line":271,"column":12},"end":{"line":271,"column":51}},"99":{"start":{"line":272,"column":12},"end":{"line":272,"column":43}},"100":{"start":{"line":273,"column":12},"end":{"line":273,"column":46}},"101":{"start":{"line":274,"column":12},"end":{"line":277,"column":24}},"102":{"start":{"line":275,"column":16},"end":{"line":275,"column":43}},"103":{"start":{"line":276,"column":16},"end":{"line":276,"column":30}},"104":{"start":{"line":278,"column":12},"end":{"line":281,"column":24}},"105":{"start":{"line":279,"column":16},"end":{"line":279,"column":42}},"106":{"start":{"line":280,"column":16},"end":{"line":280,"column":30}},"107":{"start":{"line":282,"column":12},"end":{"line":282,"column":77}},"108":{"start":{"line":284,"column":8},"end":{"line":284,"column":23}}},"branchMap":{"1":{"line":19,"type":"if","locations":[{"start":{"line":19,"column":8},"end":{"line":19,"column":8}},{"start":{"line":19,"column":8},"end":{"line":19,"column":8}}]},"2":{"line":54,"type":"if","locations":[{"start":{"line":54,"column":8},"end":{"line":54,"column":8}},{"start":{"line":54,"column":8},"end":{"line":54,"column":8}}]},"3":{"line":54,"type":"binary-expr","locations":[{"start":{"line":54,"column":12},"end":{"line":54,"column":16}},{"start":{"line":54,"column":20},"end":{"line":54,"column":51}}]},"4":{"line":71,"type":"if","locations":[{"start":{"line":71,"column":12},"end":{"line":71,"column":12}},{"start":{"line":71,"column":12},"end":{"line":71,"column":12}}]},"5":{"line":71,"type":"binary-expr","locations":[{"start":{"line":71,"column":16},"end":{"line":71,"column":33}},{"start":{"line":71,"column":37},"end":{"line":71,"column":68}}]},"6":{"line":103,"type":"if","locations":[{"start":{"line":103,"column":8},"end":{"line":103,"column":8}},{"start":{"line":103,"column":8},"end":{"line":103,"column":8}}]},"7":{"line":103,"type":"binary-expr","locations":[{"start":{"line":103,"column":12},"end":{"line":103,"column":29}},{"start":{"line":103,"column":33},"end":{"line":103,"column":64}}]},"8":{"line":136,"type":"if","locations":[{"start":{"line":136,"column":16},"end":{"line":136,"column":16}},{"start":{"line":136,"column":16},"end":{"line":136,"column":16}}]},"9":{"line":141,"type":"if","locations":[{"start":{"line":141,"column":20},"end":{"line":141,"column":20}},{"start":{"line":141,"column":20},"end":{"line":141,"column":20}}]},"10":{"line":162,"type":"binary-expr","locations":[{"start":{"line":162,"column":22},"end":{"line":162,"column":33}},{"start":{"line":162,"column":37},"end":{"line":162,"column":53}}]},"11":{"line":163,"type":"binary-expr","locations":[{"start":{"line":163,"column":21},"end":{"line":163,"column":31}},{"start":{"line":163,"column":35},"end":{"line":163,"column":51}}]},"12":{"line":180,"type":"if","locations":[{"start":{"line":180,"column":8},"end":{"line":180,"column":8}},{"start":{"line":180,"column":8},"end":{"line":180,"column":8}}]},"13":{"line":186,"type":"if","locations":[{"start":{"line":186,"column":13},"end":{"line":186,"column":13}},{"start":{"line":186,"column":13},"end":{"line":186,"column":13}}]}}},"D:\\code2\\oojs\\src\\oojs\\loader.js":{"path":"D:\\code2\\oojs\\src\\oojs\\loader.js","s":{"1":1,"2":1,"3":0,"4":0,"5":0,"6":0,"7":0,"8":0,"9":0,"10":0,"11":0,"12":0,"13":0,"14":0,"15":0,"16":0,"17":0,"18":0,"19":0,"20":0,"21":0,"22":0,"23":0,"24":0,"25":0,"26":0,"27":0,"28":0,"29":0,"30":0,"31":0,"32":0,"33":0,"34":0,"35":0,"36":0,"37":0,"38":0,"39":0,"40":0,"41":0,"42":0,"43":0,"44":0,"45":0},"b":{"1":[0,0],"2":[0,0],"3":[0,0],"4":[0,0],"5":[0,0],"6":[0,0],"7":[0,0],"8":[0,0],"9":[0,0],"10":[0,0]},"f":{"1":1,"2":0,"3":0,"4":0,"5":0,"6":0,"7":0,"8":0,"9":0},"fnMap":{"1":{"name":"(anonymous_1)","line":13,"loc":{"start":{"line":13,"column":13},"end":{"line":13,"column":25}}},"2":{"name":"(anonymous_2)","line":25,"loc":{"start":{"line":25,"column":16},"end":{"line":25,"column":50}}},"3":{"name":"(anonymous_3)","line":36,"loc":{"start":{"line":36,"column":31},"end":{"line":36,"column":43}}},"4":{"name":"(anonymous_4)","line":52,"loc":{"start":{"line":52,"column":69},"end":{"line":52,"column":82}}},"5":{"name":"(anonymous_5)","line":70,"loc":{"start":{"line":70,"column":21},"end":{"line":70,"column":59}}},"6":{"name":"(anonymous_6)","line":75,"loc":{"start":{"line":75,"column":51},"end":{"line":75,"column":63}}},"7":{"name":"(anonymous_7)","line":85,"loc":{"start":{"line":85,"column":44},"end":{"line":85,"column":56}}},"8":{"name":"(anonymous_8)","line":95,"loc":{"start":{"line":95,"column":49},"end":{"line":95,"column":76}}},"9":{"name":"(anonymous_9)","line":106,"loc":{"start":{"line":106,"column":46},"end":{"line":106,"column":71}}}},"statementMap":{"1":{"start":{"line":1,"column":0},"end":{"line":115,"column":3}},"2":{"start":{"line":14,"column":8},"end":{"line":14,"column":42}},"3":{"start":{"line":26,"column":8},"end":{"line":29,"column":9}},"4":{"start":{"line":27,"column":12},"end":{"line":27,"column":31}},"5":{"start":{"line":28,"column":12},"end":{"line":28,"column":30}},"6":{"start":{"line":30,"column":8},"end":{"line":30,"column":37}},"7":{"start":{"line":32,"column":8},"end":{"line":34,"column":9}},"8":{"start":{"line":33,"column":12},"end":{"line":33,"column":35}},"9":{"start":{"line":36,"column":8},"end":{"line":37,"column":14}},"10":{"start":{"line":40,"column":8},"end":{"line":40,"column":42}},"11":{"start":{"line":41,"column":8},"end":{"line":43,"column":9}},"12":{"start":{"line":42,"column":12},"end":{"line":42,"column":19}},"13":{"start":{"line":44,"column":8},"end":{"line":44,"column":30}},"14":{"start":{"line":47,"column":8},"end":{"line":47,"column":54}},"15":{"start":{"line":48,"column":8},"end":{"line":48,"column":40}},"16":{"start":{"line":49,"column":8},"end":{"line":49,"column":28}},"17":{"start":{"line":51,"column":8},"end":{"line":51,"column":25}},"18":{"start":{"line":52,"column":8},"end":{"line":58,"column":10}},"19":{"start":{"line":53,"column":12},"end":{"line":57,"column":13}},"20":{"start":{"line":54,"column":16},"end":{"line":54,"column":82}},"21":{"start":{"line":55,"column":16},"end":{"line":55,"column":35}},"22":{"start":{"line":56,"column":16},"end":{"line":56,"column":27}},"23":{"start":{"line":59,"column":8},"end":{"line":59,"column":59}},"24":{"start":{"line":60,"column":8},"end":{"line":60,"column":45}},"25":{"start":{"line":61,"column":8},"end":{"line":61,"column":20}},"26":{"start":{"line":72,"column":8},"end":{"line":72,"column":50}},"27":{"start":{"line":74,"column":8},"end":{"line":78,"column":9}},"28":{"start":{"line":75,"column":12},"end":{"line":77,"column":15}},"29":{"start":{"line":76,"column":16},"end":{"line":76,"column":49}},"30":{"start":{"line":81,"column":8},"end":{"line":111,"column":9}},"31":{"start":{"line":82,"column":12},"end":{"line":82,"column":52}},"32":{"start":{"line":84,"column":12},"end":{"line":88,"column":13}},"33":{"start":{"line":85,"column":16},"end":{"line":87,"column":19}},"34":{"start":{"line":86,"column":20},"end":{"line":86,"column":32}},"35":{"start":{"line":91,"column":12},"end":{"line":91,"column":62}},"36":{"start":{"line":94,"column":12},"end":{"line":99,"column":13}},"37":{"start":{"line":95,"column":16},"end":{"line":97,"column":46}},"38":{"start":{"line":96,"column":20},"end":{"line":96,"column":43}},"39":{"start":{"line":98,"column":16},"end":{"line":98,"column":63}},"40":{"start":{"line":102,"column":12},"end":{"line":102,"column":62}},"41":{"start":{"line":105,"column":12},"end":{"line":105,"column":55}},"42":{"start":{"line":106,"column":12},"end":{"line":108,"column":30}},"43":{"start":{"line":107,"column":16},"end":{"line":107,"column":59}},"44":{"start":{"line":109,"column":12},"end":{"line":109,"column":45}},"45":{"start":{"line":112,"column":8},"end":{"line":112,"column":20}}},"branchMap":{"1":{"line":26,"type":"if","locations":[{"start":{"line":26,"column":8},"end":{"line":26,"column":8}},{"start":{"line":26,"column":8},"end":{"line":26,"column":8}}]},"2":{"line":30,"type":"binary-expr","locations":[{"start":{"line":30,"column":18},"end":{"line":30,"column":25}},{"start":{"line":30,"column":29},"end":{"line":30,"column":36}}]},"3":{"line":32,"type":"if","locations":[{"start":{"line":32,"column":8},"end":{"line":32,"column":8}},{"start":{"line":32,"column":8},"end":{"line":32,"column":8}}]},"4":{"line":36,"type":"binary-expr","locations":[{"start":{"line":36,"column":19},"end":{"line":36,"column":27}},{"start":{"line":36,"column":31},"end":{"line":37,"column":13}}]},"5":{"line":40,"type":"binary-expr","locations":[{"start":{"line":40,"column":23},"end":{"line":40,"column":35}},{"start":{"line":40,"column":39},"end":{"line":40,"column":41}}]},"6":{"line":41,"type":"if","locations":[{"start":{"line":41,"column":8},"end":{"line":41,"column":8}},{"start":{"line":41,"column":8},"end":{"line":41,"column":8}}]},"7":{"line":53,"type":"if","locations":[{"start":{"line":53,"column":12},"end":{"line":53,"column":12}},{"start":{"line":53,"column":12},"end":{"line":53,"column":12}}]},"8":{"line":74,"type":"if","locations":[{"start":{"line":74,"column":8},"end":{"line":74,"column":8}},{"start":{"line":74,"column":8},"end":{"line":74,"column":8}}]},"9":{"line":84,"type":"if","locations":[{"start":{"line":84,"column":12},"end":{"line":84,"column":12}},{"start":{"line":84,"column":12},"end":{"line":84,"column":12}}]},"10":{"line":94,"type":"if","locations":[{"start":{"line":94,"column":12},"end":{"line":94,"column":12}},{"start":{"line":94,"column":12},"end":{"line":94,"column":12}}]}}}}