TN:
SF:D:\code2\oojs\tool\test.js
FN:12,(anonymous_1)
FN:17,(anonymous_2)
FN:25,(anonymous_3)
FN:26,(anonymous_4)
FNF:4
FNH:3
FNDA:6,(anonymous_1)
FNDA:5,(anonymous_2)
FNDA:1,(anonymous_3)
FNDA:0,(anonymous_4)
DA:1,1
DA:6,1
DA:12,1
DA:14,6
DA:19,5
DA:25,1
DA:26,1
DA:27,0
LF:8
LH:7
BRF:0
BRH:0
end_of_record
TN:
SF:D:\code2\oojs\src\oojs.js
FN:6,(anonymous_1)
FN:17,(anonymous_2)
FN:23,(anonymous_3)
FN:70,(anonymous_4)
FN:96,(anonymous_5)
FN:133,(anonymous_6)
FN:155,(anonymous_7)
FN:218,(anonymous_8)
FN:219,(anonymous_9)
FN:233,(anonymous_10)
FN:281,(anonymous_11)
FN:301,(anonymous_12)
FN:328,(anonymous_13)
FN:350,(anonymous_14)
FN:380,(anonymous_15)
FN:397,(anonymous_16)
FN:416,(anonymous_17)
FN:428,(anonymous_18)
FN:443,(anonymous_19)
FN:463,(anonymous_20)
FNF:20
FNH:20
FNDA:2,(anonymous_1)
FNDA:23,(anonymous_2)
FNDA:2,(anonymous_3)
FNDA:20,(anonymous_4)
FNDA:14,(anonymous_5)
FNDA:8,(anonymous_6)
FNDA:34,(anonymous_7)
FNDA:1,(anonymous_8)
FNDA:1,(anonymous_9)
FNDA:44,(anonymous_10)
FNDA:192,(anonymous_11)
FNDA:103,(anonymous_12)
FNDA:92,(anonymous_13)
FNDA:4,(anonymous_14)
FNDA:182,(anonymous_15)
FNDA:74,(anonymous_16)
FNDA:33,(anonymous_17)
FNDA:182,(anonymous_18)
FNDA:31,(anonymous_19)
FNDA:31,(anonymous_20)
DA:6,2
DA:9,2
DA:25,2
DA:28,2
DA:29,1
DA:30,1
DA:33,1
DA:34,1
DA:37,2
DA:39,2
DA:42,2
DA:43,1
DA:44,1
DA:45,1
DA:51,2
DA:52,2
DA:53,1
DA:55,2
DA:56,2
DA:71,20
DA:72,20
DA:73,20
DA:74,19
DA:75,38
DA:76,38
DA:77,22
DA:80,16
DA:84,20
DA:97,14
DA:98,14
DA:100,5
DA:101,5
DA:102,5
DA:105,5
DA:107,9
DA:109,2
DA:113,7
DA:114,7
DA:115,12
DA:116,12
DA:119,12
DA:123,9
DA:124,9
DA:134,8
DA:135,8
DA:137,8
DA:139,8
DA:140,8
DA:141,6
DA:143,8
DA:145,8
DA:156,34
DA:157,34
DA:158,34
DA:159,34
DA:160,34
DA:161,13
DA:162,13
DA:164,13
DA:165,2
DA:167,2
DA:168,1
DA:173,11
DA:174,11
DA:180,13
DA:181,1
DA:183,12
DA:185,12
DA:187,4
DA:189,3
DA:190,3
DA:193,1
DA:197,4
DA:198,2
DA:202,8
DA:204,1
DA:209,34
DA:219,1
DA:221,1
DA:222,1
DA:223,1
DA:234,44
DA:235,8
DA:237,44
DA:238,44
DA:239,44
DA:240,41
DA:242,1
DA:243,1
DA:245,40
DA:247,1
DA:248,1
DA:249,3
DA:252,39
DA:254,33
DA:255,33
DA:256,33
DA:257,33
DA:258,33
DA:264,6
DA:269,3
DA:271,44
DA:282,192
DA:283,192
DA:284,2
DA:286,192
DA:287,1
DA:289,192
DA:290,1
DA:292,192
DA:293,1
DA:295,192
DA:296,1
DA:298,192
DA:299,192
DA:301,192
DA:302,103
DA:303,103
DA:304,91
DA:306,103
DA:307,3
DA:309,103
DA:310,1
DA:312,103
DA:313,1
DA:315,103
DA:316,1
DA:318,103
DA:329,92
DA:330,92
DA:331,92
DA:332,92
DA:333,106
DA:334,98
DA:337,8
DA:338,8
DA:341,92
DA:351,4
DA:352,4
DA:353,3
DA:354,3
DA:355,1
DA:356,1
DA:357,1
DA:360,2
DA:364,1
DA:366,4
DA:382,182
DA:383,56
DA:387,182
DA:388,182
DA:398,74
DA:399,74
DA:402,3
DA:403,3
DA:404,3
DA:407,74
DA:418,33
DA:420,33
DA:422,33
DA:423,33
DA:424,33
DA:425,33
DA:426,33
DA:428,33
DA:430,182
DA:431,3
DA:432,5
DA:433,5
DA:436,182
DA:439,33
DA:441,33
DA:443,33
DA:445,31
DA:446,31
DA:447,511
DA:448,511
DA:449,511
DA:454,16
DA:459,31
DA:460,31
DA:463,33
DA:464,31
DA:465,31
DA:467,33
DA:468,33
DA:471,33
DA:472,33
DA:473,33
DA:474,33
DA:475,33
DA:476,67
DA:477,67
DA:478,54
DA:479,54
DA:486,33
DA:487,33
DA:488,33
DA:491,33
DA:492,31
DA:493,31
DA:496,2
DA:497,2
DA:498,2
DA:499,26
DA:502,6
DA:503,6
DA:507,33
DA:510,33
DA:512,33
DA:515,33
DA:516,2
DA:517,2
DA:520,1
DA:524,1
DA:530,31
DA:536,32
DA:537,10
DA:540,32
DA:545,2
LF:220
LH:220
BRDA:28,1,0,1
BRDA:28,1,1,1
BRDA:28,2,0,2
BRDA:28,2,1,1
BRDA:28,2,2,1
BRDA:28,2,3,1
BRDA:39,3,0,1
BRDA:39,3,1,1
BRDA:42,4,0,1
BRDA:42,4,1,1
BRDA:44,5,0,1
BRDA:44,5,1,0
BRDA:44,6,0,1
BRDA:44,6,1,1
BRDA:52,7,0,1
BRDA:52,7,1,1
BRDA:56,8,0,2
BRDA:56,8,1,2
BRDA:71,9,0,19
BRDA:71,9,1,1
BRDA:73,10,0,19
BRDA:73,10,1,1
BRDA:76,11,0,22
BRDA:76,11,1,16
BRDA:98,12,0,5
BRDA:98,12,1,9
BRDA:101,13,0,5
BRDA:101,13,1,0
BRDA:101,14,0,5
BRDA:101,14,1,5
BRDA:107,15,0,2
BRDA:107,15,1,7
BRDA:116,16,0,12
BRDA:116,16,1,5
BRDA:134,17,0,8
BRDA:134,17,1,0
BRDA:140,18,0,6
BRDA:140,18,1,2
BRDA:140,19,0,8
BRDA:140,19,1,8
BRDA:156,20,0,34
BRDA:156,20,1,33
BRDA:161,21,0,13
BRDA:161,21,1,0
BRDA:161,22,0,13
BRDA:161,22,1,13
BRDA:164,23,0,2
BRDA:164,23,1,11
BRDA:167,24,0,1
BRDA:167,24,1,1
BRDA:167,25,0,2
BRDA:167,25,1,2
BRDA:180,26,0,1
BRDA:180,26,1,12
BRDA:180,27,0,13
BRDA:180,27,1,12
BRDA:185,28,0,4
BRDA:185,28,1,8
BRDA:187,29,0,3
BRDA:187,29,1,1
BRDA:197,30,0,2
BRDA:197,30,1,2
BRDA:202,31,0,1
BRDA:202,31,1,7
BRDA:234,32,0,8
BRDA:234,32,1,36
BRDA:239,33,0,41
BRDA:239,33,1,3
BRDA:240,34,0,1
BRDA:240,34,1,40
BRDA:245,35,0,1
BRDA:245,35,1,39
BRDA:252,36,0,33
BRDA:252,36,1,6
BRDA:256,37,0,33
BRDA:256,37,1,0
BRDA:283,38,0,2
BRDA:283,38,1,190
BRDA:286,39,0,1
BRDA:286,39,1,191
BRDA:289,40,0,1
BRDA:289,40,1,191
BRDA:292,41,0,1
BRDA:292,41,1,191
BRDA:295,42,0,1
BRDA:295,42,1,191
BRDA:299,43,0,33
BRDA:299,43,1,159
BRDA:303,44,0,91
BRDA:303,44,1,12
BRDA:306,45,0,3
BRDA:306,45,1,100
BRDA:309,46,0,1
BRDA:309,46,1,102
BRDA:312,47,0,1
BRDA:312,47,1,102
BRDA:315,48,0,1
BRDA:315,48,1,102
BRDA:333,49,0,98
BRDA:333,49,1,8
BRDA:333,50,0,106
BRDA:333,50,1,104
BRDA:352,51,0,3
BRDA:352,51,1,1
BRDA:354,52,0,1
BRDA:354,52,1,2
BRDA:382,53,0,56
BRDA:382,53,1,126
BRDA:399,54,0,3
BRDA:399,54,1,71
BRDA:402,55,0,3
BRDA:402,55,1,0
BRDA:418,56,0,33
BRDA:418,56,1,1
BRDA:420,57,0,33
BRDA:420,57,1,13
BRDA:424,58,0,20
BRDA:424,58,1,13
BRDA:430,59,0,3
BRDA:430,59,1,179
BRDA:430,60,0,182
BRDA:430,60,1,182
BRDA:439,61,0,33
BRDA:439,61,1,28
BRDA:441,62,0,33
BRDA:441,62,1,24
BRDA:447,63,0,511
BRDA:447,63,1,0
BRDA:449,64,0,16
BRDA:449,64,1,495
BRDA:449,65,0,511
BRDA:449,65,1,78
BRDA:449,65,2,74
BRDA:449,65,3,67
BRDA:449,65,4,26
BRDA:449,65,5,14
BRDA:477,66,0,54
BRDA:477,66,1,13
BRDA:478,67,0,54
BRDA:478,67,1,6
BRDA:486,68,0,33
BRDA:486,68,1,28
BRDA:491,69,0,31
BRDA:491,69,1,2
BRDA:491,70,0,33
BRDA:491,70,1,5
BRDA:496,71,0,2
BRDA:496,71,1,0
BRDA:499,72,0,6
BRDA:499,72,1,20
BRDA:499,73,0,26
BRDA:499,73,1,26
BRDA:499,73,2,26
BRDA:499,73,3,23
BRDA:510,74,0,33
BRDA:510,74,1,0
BRDA:510,75,0,33
BRDA:510,75,1,2
BRDA:515,76,0,2
BRDA:515,76,1,31
BRDA:516,77,0,2
BRDA:516,77,1,1
BRDA:517,78,0,1
BRDA:517,78,1,1
BRDA:517,79,0,2
BRDA:517,79,1,1
BRDA:536,80,0,10
BRDA:536,80,1,22
BRDA:536,81,0,32
BRDA:536,81,1,26
BRF:170
BRH:161
end_of_record
TN:
SF:D:\code2\oojs\src\oojs\event.js
FN:81,(anonymous_1)
FN:87,(anonymous_2)
FN:102,(anonymous_3)
FN:103,(anonymous_4)
FN:120,(anonymous_5)
FN:136,(anonymous_6)
FN:157,(anonymous_7)
FN:184,(anonymous_8)
FN:220,(anonymous_9)
FN:271,(anonymous_10)
FN:313,(anonymous_11)
FN:411,(anonymous_12)
FNF:12
FNH:11
FNDA:1,(anonymous_1)
FNDA:97,(anonymous_2)
FNDA:231,(anonymous_3)
FNDA:0,(anonymous_4)
FNDA:125,(anonymous_5)
FNDA:97,(anonymous_6)
FNDA:134,(anonymous_7)
FNDA:36,(anonymous_8)
FNDA:90,(anonymous_9)
FNDA:97,(anonymous_10)
FNDA:155,(anonymous_11)
FNDA:1,(anonymous_12)
DA:1,1
DA:88,97
DA:89,97
DA:90,97
DA:103,231
DA:105,231
DA:106,231
DA:108,231
DA:121,125
DA:130,125
DA:137,97
DA:148,97
DA:159,134
DA:162,134
DA:163,134
DA:166,134
DA:167,4
DA:168,4
DA:171,4
DA:173,134
DA:185,36
DA:187,11
DA:188,23
DA:189,23
DA:194,25
DA:195,25
DA:196,25
DA:197,31
DA:199,3
DA:200,1
DA:201,1
DA:206,28
DA:207,28
DA:221,90
DA:222,90
DA:224,90
DA:226,4
DA:230,86
DA:231,86
DA:232,95
DA:233,95
DA:235,95
DA:236,95
DA:238,3
DA:241,92
DA:243,75
DA:247,95
DA:248,95
DA:249,78
DA:256,88
DA:257,56
DA:258,56
DA:261,88
DA:272,97
DA:273,97
DA:276,97
DA:277,97
DA:280,97
DA:281,97
DA:286,97
DA:287,97
DA:290,97
DA:291,103
DA:293,103
DA:294,103
DA:296,103
DA:297,103
DA:298,103
DA:303,97
DA:304,97
DA:306,97
DA:314,155
DA:317,155
DA:318,155
DA:319,155
DA:320,5
DA:321,5
DA:323,5
DA:324,1
DA:331,155
DA:332,1
DA:336,154
DA:337,154
DA:338,154
DA:339,154
DA:340,162
DA:341,162
DA:342,162
DA:344,104
DA:345,104
DA:351,154
DA:353,50
DA:356,50
DA:357,50
DA:358,54
DA:359,54
DA:360,54
DA:361,54
DA:362,54
DA:365,54
DA:366,54
DA:372,50
DA:373,50
DA:374,50
DA:375,50
DA:376,50
DA:377,50
DA:379,1
DA:382,49
DA:384,49
DA:387,50
DA:388,50
DA:389,50
DA:395,50
DA:396,50
DA:397,2
DA:398,2
DA:403,154
DA:412,1
DA:413,1
DA:414,1
DA:415,1
DA:416,2
DA:417,2
DA:420,2
DA:423,2
DA:428,2
DA:429,2
DA:430,2
DA:431,2
DA:432,2
DA:433,2
DA:434,2
DA:435,2
DA:437,2
DA:438,2
LF:136
LH:136
BRDA:103,1,0,231
BRDA:103,1,1,0
BRDA:105,2,0,231
BRDA:105,2,1,0
BRDA:106,3,0,0
BRDA:106,3,1,231
BRDA:159,4,0,132
BRDA:159,4,1,2
BRDA:162,5,0,134
BRDA:162,5,1,121
BRDA:166,6,0,4
BRDA:166,6,1,130
BRDA:166,7,0,134
BRDA:166,7,1,4
BRDA:185,8,0,11
BRDA:185,8,1,25
BRDA:185,9,0,36
BRDA:185,9,1,11
BRDA:188,10,0,23
BRDA:188,10,1,0
BRDA:188,11,0,23
BRDA:188,11,1,23
BRDA:188,11,2,23
BRDA:195,12,0,25
BRDA:195,12,1,0
BRDA:195,13,0,25
BRDA:195,13,1,25
BRDA:195,13,2,25
BRDA:197,14,0,3
BRDA:197,14,1,28
BRDA:199,15,0,1
BRDA:199,15,1,2
BRDA:221,16,0,90
BRDA:221,16,1,4
BRDA:224,17,0,4
BRDA:224,17,1,86
BRDA:224,18,0,90
BRDA:224,18,1,90
BRDA:230,19,0,86
BRDA:230,19,1,0
BRDA:230,20,0,86
BRDA:230,20,1,86
BRDA:236,21,0,3
BRDA:236,21,1,92
BRDA:241,22,0,75
BRDA:241,22,1,17
BRDA:241,23,0,92
BRDA:241,23,1,77
BRDA:248,24,0,78
BRDA:248,24,1,17
BRDA:248,25,0,95
BRDA:248,25,1,78
BRDA:257,26,0,56
BRDA:257,26,1,0
BRDA:257,27,0,56
BRDA:257,27,1,56
BRDA:257,27,2,56
BRDA:272,28,0,97
BRDA:272,28,1,97
BRDA:273,29,0,96
BRDA:273,29,1,1
BRDA:276,30,0,97
BRDA:276,30,1,0
BRDA:277,31,0,0
BRDA:277,31,1,97
BRDA:287,32,0,93
BRDA:287,32,1,4
BRDA:293,33,0,103
BRDA:293,33,1,0
BRDA:296,34,0,103
BRDA:296,34,1,0
BRDA:303,35,0,97
BRDA:303,35,1,0
BRDA:314,36,0,155
BRDA:314,36,1,0
BRDA:320,37,0,5
BRDA:320,37,1,0
BRDA:320,38,0,5
BRDA:320,38,1,5
BRDA:321,39,0,5
BRDA:321,39,1,0
BRDA:323,40,0,1
BRDA:323,40,1,4
BRDA:331,41,0,1
BRDA:331,41,1,154
BRDA:340,42,0,162
BRDA:340,42,1,0
BRDA:340,43,0,162
BRDA:340,43,1,162
BRDA:340,43,2,162
BRDA:341,44,0,162
BRDA:341,44,1,0
BRDA:342,45,0,104
BRDA:342,45,1,58
BRDA:351,46,0,50
BRDA:351,46,1,104
BRDA:358,47,0,54
BRDA:358,47,1,0
BRDA:358,48,0,54
BRDA:358,48,1,54
BRDA:358,48,2,54
BRDA:365,49,0,54
BRDA:365,49,1,0
BRDA:372,50,0,50
BRDA:372,50,1,0
BRDA:372,51,0,50
BRDA:372,51,1,50
BRDA:377,52,0,1
BRDA:377,52,1,49
BRDA:382,53,0,49
BRDA:382,53,1,0
BRDA:382,54,0,49
BRDA:382,54,1,49
BRDA:388,55,0,50
BRDA:388,55,1,0
BRDA:388,56,0,50
BRDA:388,56,1,50
BRDA:397,57,0,2
BRDA:397,57,1,0
BRDA:397,58,0,2
BRDA:397,58,1,2
BRDA:420,59,0,0
BRDA:420,59,1,2
BRDA:423,60,0,0
BRDA:423,60,1,2
BRDA:430,61,0,2
BRDA:430,61,1,0
BRDA:434,62,0,2
BRDA:434,62,1,0
BRF:129
BRH:102
end_of_record
TN:
SF:D:\code2\oojs\src\oojs\promise.js
FN:17,(anonymous_1)
FN:43,(anonymous_2)
FN:52,(anonymous_3)
FN:56,(anonymous_4)
FN:59,(anonymous_5)
FN:89,(anonymous_6)
FN:100,(anonymous_7)
FN:115,(anonymous_8)
FN:131,(anonymous_9)
FN:132,(anonymous_10)
FN:135,(anonymous_11)
FN:161,(anonymous_12)
FN:167,(anonymous_13)
FN:170,(anonymous_14)
FN:181,(anonymous_15)
FN:187,(anonymous_16)
FN:203,(anonymous_17)
FN:213,(anonymous_18)
FN:216,(anonymous_19)
FN:227,(anonymous_20)
FN:231,(anonymous_21)
FN:234,(anonymous_22)
FN:242,(anonymous_23)
FN:259,(anonymous_24)
FN:262,(anonymous_25)
FN:265,(anonymous_26)
FN:274,(anonymous_27)
FN:278,(anonymous_28)
FNF:28
FNH:28
FNDA:81,(anonymous_1)
FNDA:9,(anonymous_2)
FNDA:58,(anonymous_3)
FNDA:1,(anonymous_4)
FNDA:1,(anonymous_5)
FNDA:6,(anonymous_6)
FNDA:39,(anonymous_7)
FNDA:2,(anonymous_8)
FNDA:2,(anonymous_9)
FNDA:2,(anonymous_10)
FNDA:2,(anonymous_11)
FNDA:46,(anonymous_12)
FNDA:26,(anonymous_13)
FNDA:20,(anonymous_14)
FNDA:7,(anonymous_15)
FNDA:5,(anonymous_16)
FNDA:11,(anonymous_17)
FNDA:2,(anonymous_18)
FNDA:1,(anonymous_19)
FNDA:3,(anonymous_20)
FNDA:5,(anonymous_21)
FNDA:1,(anonymous_22)
FNDA:1,(anonymous_23)
FNDA:3,(anonymous_24)
FNDA:1,(anonymous_25)
FNDA:2,(anonymous_26)
FNDA:7,(anonymous_27)
FNDA:2,(anonymous_28)
DA:6,1
DA:18,81
DA:19,81
DA:20,20
DA:21,20
DA:24,1
DA:44,9
DA:54,58
DA:55,2
DA:56,2
DA:57,1
DA:59,2
DA:60,1
DA:62,2
DA:67,56
DA:69,56
DA:71,56
DA:72,28
DA:74,28
DA:77,2
DA:90,6
DA:91,6
DA:92,6
DA:101,39
DA:102,39
DA:103,39
DA:104,20
DA:106,39
DA:116,2
DA:117,2
DA:118,2
DA:132,2
DA:133,2
DA:134,2
DA:135,2
DA:136,2
DA:137,1
DA:140,1
DA:141,1
DA:142,1
DA:144,1
DA:147,2
DA:148,2
DA:149,2
DA:151,2
DA:162,46
DA:163,46
DA:166,46
DA:167,46
DA:168,26
DA:170,46
DA:171,20
DA:174,46
DA:175,46
DA:176,46
DA:177,46
DA:180,46
DA:181,7
DA:182,7
DA:186,39
DA:187,5
DA:188,5
DA:193,46
DA:204,11
DA:214,2
DA:215,2
DA:216,2
DA:217,1
DA:220,2
DA:221,2
DA:222,6
DA:223,6
DA:224,6
DA:225,6
DA:226,6
DA:227,6
DA:228,3
DA:231,6
DA:232,5
DA:234,6
DA:235,1
DA:236,1
DA:239,6
DA:242,2
DA:243,1
DA:244,1
DA:245,3
DA:247,1
DA:250,2
DA:260,3
DA:261,3
DA:262,3
DA:263,1
DA:265,3
DA:266,2
DA:269,3
DA:270,3
DA:271,9
DA:272,9
DA:273,9
DA:274,9
DA:275,7
DA:276,7
DA:278,9
DA:279,2
DA:280,2
DA:282,9
DA:284,3
LF:108
LH:108
BRDA:19,1,0,20
BRDA:19,1,1,61
BRDA:54,2,0,2
BRDA:54,2,1,56
BRDA:54,3,0,58
BRDA:54,3,1,33
BRDA:71,4,0,28
BRDA:71,4,1,28
BRDA:71,5,0,56
BRDA:71,5,1,56
BRDA:103,6,0,20
BRDA:103,6,1,19
BRDA:103,7,0,39
BRDA:103,7,1,39
BRDA:136,8,0,1
BRDA:136,8,1,1
BRDA:141,9,0,1
BRDA:141,9,1,0
BRDA:162,10,0,46
BRDA:162,10,1,11
BRDA:163,11,0,46
BRDA:163,11,1,16
BRDA:180,12,0,7
BRDA:180,12,1,39
BRDA:186,13,0,5
BRDA:186,13,1,34
BRF:26
BRH:25
end_of_record
TN:
SF:D:\code2\oojs\src\oojs\loader.js
FN:13,(anonymous_1)
FN:25,(anonymous_2)
FN:36,(anonymous_3)
FN:52,(anonymous_4)
FN:70,(anonymous_5)
FN:75,(anonymous_6)
FN:85,(anonymous_7)
FN:95,(anonymous_8)
FN:106,(anonymous_9)
FNF:9
FNH:1
FNDA:1,(anonymous_1)
FNDA:0,(anonymous_2)
FNDA:0,(anonymous_3)
FNDA:0,(anonymous_4)
FNDA:0,(anonymous_5)
FNDA:0,(anonymous_6)
FNDA:0,(anonymous_7)
FNDA:0,(anonymous_8)
FNDA:0,(anonymous_9)
DA:1,1
DA:14,1
DA:26,0
DA:27,0
DA:28,0
DA:30,0
DA:32,0
DA:33,0
DA:36,0
DA:40,0
DA:41,0
DA:42,0
DA:44,0
DA:47,0
DA:48,0
DA:49,0
DA:51,0
DA:52,0
DA:53,0
DA:54,0
DA:55,0
DA:56,0
DA:59,0
DA:60,0
DA:61,0
DA:72,0
DA:74,0
DA:75,0
DA:76,0
DA:81,0
DA:82,0
DA:84,0
DA:85,0
DA:86,0
DA:91,0
DA:94,0
DA:95,0
DA:96,0
DA:98,0
DA:102,0
DA:105,0
DA:106,0
DA:107,0
DA:109,0
DA:112,0
LF:45
LH:2
BRDA:26,1,0,0
BRDA:26,1,1,0
BRDA:30,2,0,0
BRDA:30,2,1,0
BRDA:32,3,0,0
BRDA:32,3,1,0
BRDA:36,4,0,0
BRDA:36,4,1,0
BRDA:40,5,0,0
BRDA:40,5,1,0
BRDA:41,6,0,0
BRDA:41,6,1,0
BRDA:53,7,0,0
BRDA:53,7,1,0
BRDA:74,8,0,0
BRDA:74,8,1,0
BRDA:84,9,0,0
BRDA:84,9,1,0
BRDA:94,10,0,0
BRDA:94,10,1,0
BRF:20
BRH:0
end_of_record
